#
# A fatal error has been detected by the Java Runtime Environment:
#
#  SIGSEGV (0xb) at pc=0x00007fff89f390d7, pid=47223, tid=79119
#
# JRE version: Java(TM) SE Runtime Environment (8.0_60-b27) (build 1.8.0_60-b27)
# Java VM: Java HotSpot(TM) 64-Bit Server VM (25.60-b23 mixed mode bsd-amd64 compressed oops)
# Problematic frame:
# C  [libobjc.A.dylib+0x10d7]  objc_msgSend+0x17
#
# Failed to write core dump. Core dumps have been disabled. To enable core dumping, try "ulimit -c unlimited" before starting Java again
#
# If you would like to submit a bug report, please visit:
#   http://bugreport.java.com/bugreport/crash.jsp
# The crash happened outside the Java Virtual Machine in native code.
# See problematic frame for where to report the bug.
#

---------------  T H R E A D  ---------------

Current thread (0x00007ffba2b3b000):  JavaThread "pool-2-thread-1" [_thread_in_native, id=79119, stack(0x0000000133cf3000,0x0000000133df3000)]

siginfo: si_signo: 11 (SIGSEGV), si_code: 0 (unknown), si_addr: 0x0000000000000000

Registers:
RAX=0x0000000000000000, RBX=0x00007ffba27af050, RCX=0x0000000000000000, RDX=0x0000000133df22f8
RSP=0x0000000133df2388, RBP=0x0000000133df23d0, RSI=0x00007fff857647de, RDI=0x616c675f00000002
R8 =0x000000000000003f, R9 =0x00007ffba4b05120, R10=0x00007ffba315c820, R11=0x00007ffffffffff8
R12=0x00007fff89f390c0, R13=0x00007fff8bebc884, R14=0x00007fff857647de, R15=0x00007ffba4d50fc0
RIP=0x00007fff89f390d7, EFLAGS=0x0000000000010246, ERR=0x0000000000000000
  TRAPNO=0x000000000000000d

Top of Stack: (sp=0x0000000133df2388)
0x0000000133df2388:   000000012bc1341b 00007ffba2412720
0x0000000133df2398:   4014000000000000 3fb0a3d70a3d70a3
0x0000000133df23a8:   00007ffba2596970 0000000000000000
0x0000000133df23b8:   0000000123414308 0000000133df2418
0x0000000133df23c8:   00007ffba2b3b000 0000000133df23e0
0x0000000133df23d8:   000000012bc07e9f 0000000133df2400
0x0000000133df23e8:   000000012bc08223 00007ffba2b3b1f8
0x0000000133df23f8:   0000000133df24e8 0000000133df2440
0x0000000133df2408:   000000012b5cd989 0000000108649000
0x0000000133df2418:   00007ffb02010000 00007ffba4d5c710
0x0000000133df2428:   0000000000000000 0000000123414308
0x0000000133df2438:   0000000133df24e8 0000000133df24b0
0x0000000133df2448:   000000010a015954 0000000000000001
0x0000000133df2458:   0000000133df24f0 00007ffba24cbe70
0x0000000133df2468:   000000010a015e49 0000000133df2470
0x0000000133df2478:   0000000000000000 0000000133df24e8
0x0000000133df2488:   0000000123414700 0000000000000000
0x0000000133df2498:   0000000123414308 0000000000000000
0x0000000133df24a8:   0000000133df24d0 0000000133df2530
0x0000000133df24b8:   000000010a007420 000000076f585658
0x0000000133df24c8:   000000010a00f560 00007ffba4d5c710
0x0000000133df24d8:   000000076f585658 00007ffba2596970
0x0000000133df24e8:   00007ffba2596970 0000000133df24f0
0x0000000133df24f8:   0000000123413878 0000000133df2550
0x0000000133df2508:   0000000123414700 0000000000000000
0x0000000133df2518:   00000001234138b0 0000000133df24d0
0x0000000133df2528:   0000000133df2548 0000000133df2598
0x0000000133df2538:   000000010a007420 0000000000000000
0x0000000133df2548:   000000076ac6f998 000000076f9d75a8
0x0000000133df2558:   0000000133df2558 0000000123412075
0x0000000133df2568:   0000000133df25d0 0000000123412528
0x0000000133df2578:   0000000000000000 0000000123412188 

Instructions: (pc=0x00007fff89f390d7)
0x00007fff89f390b7:   00 0f 1f 84 00 00 00 00 00 48 85 ff 2e 74 7a 40
0x00007fff89f390c7:   f6 c7 01 2e 75 7e 49 bb f8 ff ff ff ff 7f 00 00
0x00007fff89f390d7:   4c 23 1f 49 89 f2 45 23 53 18 49 c1 e2 04 4d 03
0x00007fff89f390e7:   53 10 49 3b 32 75 04 41 ff 62 08 49 83 3a 00 74 

Register to memory mapping:

RAX=0x0000000000000000 is an unknown value
RBX=0x00007ffba27af050 is an unknown value
RCX=0x0000000000000000 is an unknown value
RDX=0x0000000133df22f8 is pointing into the stack for thread: 0x00007ffba2b3b000
RSP=0x0000000133df2388 is pointing into the stack for thread: 0x00007ffba2b3b000
RBP=0x0000000133df23d0 is pointing into the stack for thread: 0x00007ffba2b3b000
RSI=0x00007fff857647de is an unknown value
RDI=0x616c675f00000002 is an unknown value
R8 =0x000000000000003f is an unknown value
R9 =0x00007ffba4b05120 is an unknown value
R10=0x00007ffba315c820 is an unknown value
R11=0x00007ffffffffff8 is an unknown value
R12=0x00007fff89f390c0: objc_msgSend+0 in /usr/lib/libobjc.A.dylib at 0x00007fff89f38000
R13=0x00007fff8bebc884: -[NSTitlebarContainerView transparent]+0x44778 in /System/Library/Frameworks/AppKit.framework/Versions/C/AppKit at 0x00007fff8b4d5000
R14=0x00007fff857647de is an unknown value
R15=0x00007ffba4d50fc0 is an unknown value


Stack: [0x0000000133cf3000,0x0000000133df3000],  sp=0x0000000133df2388,  free space=1020k
Native frames: (J=compiled Java code, j=interpreted, Vv=VM code, C=native code)
C  [libobjc.A.dylib+0x10d7]  objc_msgSend+0x17
C  [libopencv_java300.dylib+0x687e9f]  cv::VideoCapture::grab()+0x1f
C  [libopencv_java300.dylib+0x688223]  cv::VideoCapture::read(cv::_OutputArray const&)+0x13
C  [libopencv_java300.dylib+0x4d989]  Java_org_opencv_videoio_VideoCapture_read_10+0x39
j  org.opencv.videoio.VideoCapture.read_0(JJ)Z+0
j  org.opencv.videoio.VideoCapture.read(Lorg/opencv/core/Mat;)Z+8
j  application.FXtutController.grabFrame()Ljavafx/scene/image/Image;+29
j  application.FXtutController.access$0(Lapplication/FXtutController;)Ljavafx/scene/image/Image;+1
j  application.FXtutController$1.run()V+4
j  java.util.concurrent.Executors$RunnableAdapter.call()Ljava/lang/Object;+4
j  java.util.concurrent.FutureTask.runAndReset()Z+47
j  java.util.concurrent.ScheduledThreadPoolExecutor$ScheduledFutureTask.access$301(Ljava/util/concurrent/ScheduledThreadPoolExecutor$ScheduledFutureTask;)Z+1
j  java.util.concurrent.ScheduledThreadPoolExecutor$ScheduledFutureTask.run()V+37
j  java.util.concurrent.ThreadPoolExecutor.runWorker(Ljava/util/concurrent/ThreadPoolExecutor$Worker;)V+95
j  java.util.concurrent.ThreadPoolExecutor$Worker.run()V+5
j  java.lang.Thread.run()V+11
v  ~StubRoutines::call_stub
V  [libjvm.dylib+0x2eab0e]  JavaCalls::call_helper(JavaValue*, methodHandle*, JavaCallArguments*, Thread*)+0x6ae
V  [libjvm.dylib+0x2eb29c]  JavaCalls::call_virtual(JavaValue*, KlassHandle, Symbol*, Symbol*, JavaCallArguments*, Thread*)+0x164
V  [libjvm.dylib+0x2eb448]  JavaCalls::call_virtual(JavaValue*, Handle, KlassHandle, Symbol*, Symbol*, Thread*)+0x4a
V  [libjvm.dylib+0x345965]  thread_entry(JavaThread*, Thread*)+0x7c
V  [libjvm.dylib+0x5612d3]  JavaThread::thread_main_inner()+0x9b
V  [libjvm.dylib+0x5629ce]  JavaThread::run()+0x1c2
V  [libjvm.dylib+0x48343a]  java_start(Thread*)+0xf6
C  [libsystem_pthread.dylib+0x405a]  _pthread_body+0x83
C  [libsystem_pthread.dylib+0x3fd7]  _pthread_body+0x0
C  [libsystem_pthread.dylib+0x13ed]  thread_start+0xd
C  0x0000000000000000

Java frames: (J=compiled Java code, j=interpreted, Vv=VM code)
j  org.opencv.videoio.VideoCapture.read_0(JJ)Z+0
j  org.opencv.videoio.VideoCapture.read(Lorg/opencv/core/Mat;)Z+8
j  application.FXtutController.grabFrame()Ljavafx/scene/image/Image;+29
j  application.FXtutController.access$0(Lapplication/FXtutController;)Ljavafx/scene/image/Image;+1
j  application.FXtutController$1.run()V+4
j  java.util.concurrent.Executors$RunnableAdapter.call()Ljava/lang/Object;+4
j  java.util.concurrent.FutureTask.runAndReset()Z+47
j  java.util.concurrent.ScheduledThreadPoolExecutor$ScheduledFutureTask.access$301(Ljava/util/concurrent/ScheduledThreadPoolExecutor$ScheduledFutureTask;)Z+1
j  java.util.concurrent.ScheduledThreadPoolExecutor$ScheduledFutureTask.run()V+37
j  java.util.concurrent.ThreadPoolExecutor.runWorker(Ljava/util/concurrent/ThreadPoolExecutor$Worker;)V+95
j  java.util.concurrent.ThreadPoolExecutor$Worker.run()V+5
j  java.lang.Thread.run()V+11
v  ~StubRoutines::call_stub

---------------  P R O C E S S  ---------------

Java Threads: ( => current thread )
=>0x00007ffba2b3b000 JavaThread "pool-2-thread-1" [_thread_in_native, id=79119, stack(0x0000000133cf3000,0x0000000133df3000)]
  0x00007ffba2a6d800 JavaThread "Prism Font Disposer" daemon [_thread_blocked, id=48391, stack(0x000000012d6d7000,0x000000012d7d7000)]
  0x00007ffba3127800 JavaThread "JavaFX-Launcher" [_thread_blocked, id=47363, stack(0x000000012d118000,0x000000012d218000)]
  0x00007ffba40eb800 JavaThread "Thread-3" daemon [_thread_in_native, id=35079, stack(0x000000012a3ae000,0x000000012a42e000)]
  0x00007ffba397b800 JavaThread "JavaFX Application Thread" [_thread_in_native, id=1811, stack(0x00007fff56e02000,0x00007fff57602000)]
  0x00007ffba3987800 JavaThread "Thread-1" daemon [_thread_in_native, id=24339, stack(0x000000012780f000,0x000000012790f000)]
  0x00007ffba396e000 JavaThread "QuantumRenderer-0" daemon [_thread_blocked, id=19203, stack(0x0000000126b48000,0x0000000126c48000)]
  0x00007ffba2808800 JavaThread "Service Thread" daemon [_thread_blocked, id=18179, stack(0x0000000126875000,0x0000000126975000)]
  0x00007ffba2815800 JavaThread "C1 CompilerThread2" daemon [_thread_in_native, id=17667, stack(0x0000000126772000,0x0000000126872000)]
  0x00007ffba2815000 JavaThread "C2 CompilerThread1" daemon [_thread_blocked, id=17155, stack(0x000000012666f000,0x000000012676f000)]
  0x00007ffba2813000 JavaThread "C2 CompilerThread0" daemon [_thread_blocked, id=16643, stack(0x000000012656c000,0x000000012666c000)]
  0x00007ffba380b800 JavaThread "Signal Dispatcher" daemon [_thread_blocked, id=16155, stack(0x0000000126469000,0x0000000126569000)]
  0x00007ffba4000000 JavaThread "Finalizer" daemon [_thread_blocked, id=11523, stack(0x0000000124a48000,0x0000000124b48000)]
  0x00007ffba303b000 JavaThread "Reference Handler" daemon [_thread_blocked, id=11011, stack(0x0000000124945000,0x0000000124a45000)]
  0x00007ffba3008800 JavaThread "main" [_thread_blocked, id=4867, stack(0x000000010969e000,0x000000010979e000)]

Other Threads:
  0x00007ffba382e000 VMThread [stack: 0x0000000124842000,0x0000000124942000] [id=10499]
  0x00007ffba384e000 WatcherThread [stack: 0x0000000126978000,0x0000000126a78000] [id=18691]

VM state:not at safepoint (normal execution)

VM Mutex/Monitor currently owned by a thread: None

Heap:
 PSYoungGen      total 76288K, used 17838K [0x000000076ab00000, 0x0000000770000000, 0x00000007c0000000)
  eden space 65536K, 16% used [0x000000076ab00000,0x000000076b5d2850,0x000000076eb00000)
  from space 10752K, 62% used [0x000000076f580000,0x000000076fc193a8,0x0000000770000000)
  to   space 10752K, 0% used [0x000000076eb00000,0x000000076eb00000,0x000000076f580000)
 ParOldGen       total 175104K, used 3840K [0x00000006c0000000, 0x00000006cab00000, 0x000000076ab00000)
  object space 175104K, 2% used [0x00000006c0000000,0x00000006c03c0030,0x00000006cab00000)
 Metaspace       used 15023K, capacity 15522K, committed 15744K, reserved 1062912K
  class space    used 1993K, capacity 2162K, committed 2176K, reserved 1048576K

Card table byte_map: [0x00000001193c0000,0x0000000119bc1000] byte_map_base: 0x0000000115dc0000

Marking Bits: (ParMarkBitMap*) 0x0000000108fdbe20
 Begin Bits: [0x000000011a523000, 0x000000011e523000)
 End Bits:   [0x000000011e523000, 0x0000000122523000)

Polling page: 0x00000001097e3000

CodeCache: size=245760Kb used=5140Kb max_used=5140Kb free=240619Kb
 bounds [0x000000010a000000, 0x000000010a510000, 0x0000000119000000]
 total_blobs=2456 nmethods=1671 adapters=698
 compilation: enabled

Compilation events (10 events):
Event: 7.550 Thread 0x00007ffba2815800 1671       3       com.sun.javafx.sg.prism.NGNode::render (38 bytes)
Event: 7.550 Thread 0x00007ffba2815800 nmethod 1671 0x000000010a505950 code [0x000000010a505ae0, 0x000000010a505e78]
Event: 7.550 Thread 0x00007ffba2815800 1667       1       com.sun.prism.impl.GlyphCache$GlyphData::getRect (5 bytes)
Event: 7.550 Thread 0x00007ffba2815800 nmethod 1667 0x000000010a505f50 code [0x000000010a5060a0, 0x000000010a5061b0]
Event: 7.550 Thread 0x00007ffba2815800 1668       1       com.sun.prism.impl.GlyphCache$GlyphData::getBlankBoundary (5 bytes)
Event: 7.550 Thread 0x00007ffba2815800 nmethod 1668 0x000000010a506210 code [0x000000010a506360, 0x000000010a506470]
Event: 7.550 Thread 0x00007ffba2815800 1669       1       com.sun.prism.impl.GlyphCache$GlyphData::getOriginX (5 bytes)
Event: 7.550 Thread 0x00007ffba2815800 nmethod 1669 0x000000010a5064d0 code [0x000000010a506620, 0x000000010a506730]
Event: 7.550 Thread 0x00007ffba2815800 1670       1       com.sun.prism.impl.GlyphCache$GlyphData::getOriginY (5 bytes)
Event: 7.550 Thread 0x00007ffba2815800 nmethod 1670 0x000000010a506790 code [0x000000010a5068e0, 0x000000010a5069f0]

GC Heap History (4 events):
Event: 3.753 GC heap before
{Heap before GC invocations=1 (full 0):
 PSYoungGen      total 76288K, used 64809K [0x000000076ab00000, 0x0000000770000000, 0x00000007c0000000)
  eden space 65536K, 98% used [0x000000076ab00000,0x000000076ea4a448,0x000000076eb00000)
  from space 10752K, 0% used [0x000000076f580000,0x000000076f580000,0x0000000770000000)
  to   space 10752K, 0% used [0x000000076eb00000,0x000000076eb00000,0x000000076f580000)
 ParOldGen       total 175104K, used 0K [0x00000006c0000000, 0x00000006cab00000, 0x000000076ab00000)
  object space 175104K, 0% used [0x00000006c0000000,0x00000006c0000000,0x00000006cab00000)
 Metaspace       used 14651K, capacity 15200K, committed 15232K, reserved 1062912K
  class space    used 1987K, capacity 2161K, committed 2176K, reserved 1048576K
Event: 3.762 GC heap after
Heap after GC invocations=1 (full 0):
 PSYoungGen      total 76288K, used 9655K [0x000000076ab00000, 0x0000000770000000, 0x00000007c0000000)
  eden space 65536K, 0% used [0x000000076ab00000,0x000000076ab00000,0x000000076eb00000)
  from space 10752K, 89% used [0x000000076eb00000,0x000000076f46de20,0x000000076f580000)
  to   space 10752K, 0% used [0x000000076f580000,0x000000076f580000,0x0000000770000000)
 ParOldGen       total 175104K, used 3832K [0x00000006c0000000, 0x00000006cab00000, 0x000000076ab00000)
  object space 175104K, 2% used [0x00000006c0000000,0x00000006c03be030,0x00000006cab00000)
 Metaspace       used 14651K, capacity 15200K, committed 15232K, reserved 1062912K
  class space    used 1987K, capacity 2161K, committed 2176K, reserved 1048576K
}
Event: 6.996 GC heap before
{Heap before GC invocations=2 (full 0):
 PSYoungGen      total 76288K, used 75174K [0x000000076ab00000, 0x0000000770000000, 0x00000007c0000000)
  eden space 65536K, 99% used [0x000000076ab00000,0x000000076eafba30,0x000000076eb00000)
  from space 10752K, 89% used [0x000000076eb00000,0x000000076f46de20,0x000000076f580000)
  to   space 10752K, 0% used [0x000000076f580000,0x000000076f580000,0x0000000770000000)
 ParOldGen       total 175104K, used 3832K [0x00000006c0000000, 0x00000006cab00000, 0x000000076ab00000)
  object space 175104K, 2% used [0x00000006c0000000,0x00000006c03be030,0x00000006cab00000)
 Metaspace       used 15002K, capacity 15522K, committed 15744K, reserved 1062912K
  class space    used 1993K, capacity 2162K, committed 2176K, reserved 1048576K
Event: 7.003 GC heap after
Heap after GC invocations=2 (full 0):
 PSYoungGen      total 76288K, used 6756K [0x000000076ab00000, 0x0000000770000000, 0x00000007c0000000)
  eden space 65536K, 0% used [0x000000076ab00000,0x000000076ab00000,0x000000076eb00000)
  from space 10752K, 62% used [0x000000076f580000,0x000000076fc193a8,0x0000000770000000)
  to   space 10752K, 0% used [0x000000076eb00000,0x000000076eb00000,0x000000076f580000)
 ParOldGen       total 175104K, used 3840K [0x00000006c0000000, 0x00000006cab00000, 0x000000076ab00000)
  object space 175104K, 2% used [0x00000006c0000000,0x00000006c03c0030,0x00000006cab00000)
 Metaspace       used 15002K, capacity 15522K, committed 15744K, reserved 1062912K
  class space    used 1993K, capacity 2162K, committed 2176K, reserved 1048576K
}

Deoptimization events (10 events):
Event: 1.067 Thread 0x00007ffba397b800 Uncommon trap: reason=class_check action=maybe_recompile pc=0x000000010a12071c method=java.lang.String.equals(Ljava/lang/Object;)Z @ 8
Event: 1.067 Thread 0x00007ffba397b800 Uncommon trap: reason=class_check action=maybe_recompile pc=0x000000010a12071c method=java.lang.String.equals(Ljava/lang/Object;)Z @ 8
Event: 1.071 Thread 0x00007ffba397b800 Uncommon trap: reason=class_check action=maybe_recompile pc=0x000000010a12071c method=java.lang.String.equals(Ljava/lang/Object;)Z @ 8
Event: 1.099 Thread 0x00007ffba397b800 Uncommon trap: reason=unstable_if action=reinterpret pc=0x000000010a2eb1a0 method=java.util.HashMap.putVal(ILjava/lang/Object;Ljava/lang/Object;ZZ)Ljava/lang/Object; @ 193
Event: 1.261 Thread 0x00007ffba396e000 Uncommon trap: reason=unstable_if action=reinterpret pc=0x000000010a2e26bc method=sun.net.www.ParseUtil.encodePath(Ljava/lang/String;Z)Ljava/lang/String; @ 109
Event: 2.404 Thread 0x00007ffba397b800 Uncommon trap: reason=unstable_if action=reinterpret pc=0x000000010a38e23c method=jdk.internal.org.objectweb.asm.Type.getArgumentsAndReturnSizes(Ljava/lang/String;)I @ 47
Event: 3.962 Thread 0x00007ffba2b3b000 Uncommon trap: reason=class_check action=maybe_recompile pc=0x000000010a41da4c method=java.util.zip.InflaterInputStream.read([BII)I @ 100
Event: 3.962 Thread 0x00007ffba2b3b000 Uncommon trap: reason=class_check action=maybe_recompile pc=0x000000010a41da4c method=java.util.zip.InflaterInputStream.read([BII)I @ 100
Event: 3.962 Thread 0x00007ffba2b3b000 Uncommon trap: reason=class_check action=maybe_recompile pc=0x000000010a41da4c method=java.util.zip.InflaterInputStream.read([BII)I @ 100
Event: 3.964 Thread 0x00007ffba2b3b000 Uncommon trap: reason=class_check action=maybe_recompile pc=0x000000010a41da4c method=java.util.zip.InflaterInputStream.read([BII)I @ 100

Internal exceptions (10 events):
Event: 0.150 Thread 0x00007ffba3008800 Exception <a 'java/security/PrivilegedActionException'> (0x000000076afef7c0) thrown at [/Users/java_re/workspace/8-2-build-macosx-x86_64/jdk8u60/4407/hotspot/src/share/vm/prims/jvm.cpp, line 1386]
Event: 0.150 Thread 0x00007ffba3008800 Exception <a 'java/security/PrivilegedActionException'> (0x000000076afef9d0) thrown at [/Users/java_re/workspace/8-2-build-macosx-x86_64/jdk8u60/4407/hotspot/src/share/vm/prims/jvm.cpp, line 1386]
Event: 0.150 Thread 0x00007ffba3008800 Exception <a 'java/lang/NullPointerException'> (0x000000076aff1348) thrown at [/Users/java_re/workspace/8-2-build-macosx-x86_64/jdk8u60/4407/hotspot/src/share/vm/interpreter/linkResolver.cpp, line 1178]
Event: 0.511 Thread 0x00007ffba397b800 Exception <a 'java/lang/NullPointerException'> (0x000000076bc44998) thrown at [/Users/java_re/workspace/8-2-build-macosx-x86_64/jdk8u60/4407/hotspot/src/share/vm/interpreter/linkResolver.cpp, line 1178]
Event: 0.511 Thread 0x00007ffba397b800 Exception <a 'java/lang/NullPointerException'> (0x000000076bc44998) thrown at [/Users/java_re/workspace/8-2-build-macosx-x86_64/jdk8u60/4407/hotspot/src/share/vm/prims/jvm.cpp, line 1390]
Event: 0.912 Thread 0x00007ffba397b800 Exception <a 'java/lang/ArrayIndexOutOfBoundsException'> (0x000000076c42f320) thrown at [/Users/java_re/workspace/8-2-build-macosx-x86_64/jdk8u60/4407/hotspot/src/share/vm/runtime/sharedRuntime.cpp, line 605]
Event: 0.912 Thread 0x00007ffba397b800 Exception <a 'java/lang/ArrayIndexOutOfBoundsException'> (0x000000076c42fe38) thrown at [/Users/java_re/workspace/8-2-build-macosx-x86_64/jdk8u60/4407/hotspot/src/share/vm/runtime/sharedRuntime.cpp, line 605]
Event: 0.912 Thread 0x00007ffba397b800 Exception <a 'java/lang/ArrayIndexOutOfBoundsException'> (0x000000076c4311e0) thrown at [/Users/java_re/workspace/8-2-build-macosx-x86_64/jdk8u60/4407/hotspot/src/share/vm/runtime/sharedRuntime.cpp, line 605]
Event: 0.943 Thread 0x00007ffba397b800 Implicit null exception at 0x000000010a2bbf35 to 0x000000010a2bc16d
Event: 1.026 Thread 0x00007ffba397b800 Exception <a 'java/io/FileNotFoundException'> (0x000000076c7db2f0) thrown at [/Users/java_re/workspace/8-2-build-macosx-x86_64/jdk8u60/4407/hotspot/src/share/vm/prims/jni.cpp, line 709]

Events (10 events):
Event: 7.011 Executing VM operation: RevokeBias
Event: 7.012 Executing VM operation: RevokeBias done
Event: 7.012 Executing VM operation: RevokeBias
Event: 7.012 Executing VM operation: RevokeBias done
Event: 7.013 Executing VM operation: RevokeBias
Event: 7.013 Executing VM operation: RevokeBias done
Event: 7.013 Executing VM operation: RevokeBias
Event: 7.013 Executing VM operation: RevokeBias done
Event: 7.014 Executing VM operation: BulkRevokeBias
Event: 7.014 Executing VM operation: BulkRevokeBias done


Dynamic libraries:
0x00000000018d1000 	/System/Library/Frameworks/Cocoa.framework/Versions/A/Cocoa
0x00000000018d1000 	/System/Library/Frameworks/Security.framework/Versions/A/Security
0x00000000018d1000 	/System/Library/Frameworks/ApplicationServices.framework/Versions/A/ApplicationServices
0x00000000018d1000 	/usr/lib/libz.1.dylib
0x00000000018d1000 	/usr/lib/libSystem.B.dylib
0x00000000018d1000 	/usr/lib/libobjc.A.dylib
0x00000000018d1000 	/System/Library/Frameworks/CoreFoundation.framework/Versions/A/CoreFoundation
0x00000000018d1000 	/System/Library/Frameworks/Foundation.framework/Versions/C/Foundation
0x00000000018d1000 	/System/Library/Frameworks/AppKit.framework/Versions/C/AppKit
0x00000000018d1000 	/System/Library/Frameworks/CoreData.framework/Versions/A/CoreData
0x00000000018d1000 	/System/Library/PrivateFrameworks/RemoteViewServices.framework/Versions/A/RemoteViewServices
0x00000000018d1000 	/System/Library/PrivateFrameworks/UIFoundation.framework/Versions/A/UIFoundation
0x00000000018d1000 	/System/Library/Frameworks/IOSurface.framework/Versions/A/IOSurface
0x00000000018d1000 	/System/Library/Frameworks/AudioToolbox.framework/Versions/A/AudioToolbox
0x00000000018d1000 	/System/Library/Frameworks/AudioUnit.framework/Versions/A/AudioUnit
0x00000000018d1000 	/System/Library/PrivateFrameworks/DataDetectorsCore.framework/Versions/A/DataDetectorsCore
0x00000000018d1000 	/System/Library/PrivateFrameworks/DesktopServicesPriv.framework/Versions/A/DesktopServicesPriv
0x00000000018d1000 	/System/Library/Frameworks/Carbon.framework/Versions/A/Frameworks/HIToolbox.framework/Versions/A/HIToolbox
0x00000000018d1000 	/System/Library/Frameworks/QuartzCore.framework/Versions/A/QuartzCore
0x00000000018d1000 	/System/Library/Frameworks/Carbon.framework/Versions/A/Frameworks/SpeechRecognition.framework/Versions/A/SpeechRecognition
0x00000000018d1000 	/usr/lib/libauto.dylib
0x00000000018d1000 	/usr/lib/libicucore.A.dylib
0x00000000018d1000 	/usr/lib/libxml2.2.dylib
0x00000000018d1000 	/System/Library/PrivateFrameworks/CoreUI.framework/Versions/A/CoreUI
0x00000000018d1000 	/System/Library/Frameworks/CoreAudio.framework/Versions/A/CoreAudio
0x00000000018d1000 	/System/Library/Frameworks/DiskArbitration.framework/Versions/A/DiskArbitration
0x00000000018d1000 	/usr/lib/liblangid.dylib
0x00000000018d1000 	/System/Library/PrivateFrameworks/MultitouchSupport.framework/Versions/A/MultitouchSupport
0x00000000018d1000 	/System/Library/Frameworks/IOKit.framework/Versions/A/IOKit
0x00000000018d1000 	/usr/lib/libDiagnosticMessagesClient.dylib
0x00000000018d1000 	/System/Library/Frameworks/CoreServices.framework/Versions/A/CoreServices
0x00000000018d1000 	/System/Library/PrivateFrameworks/PerformanceAnalysis.framework/Versions/A/PerformanceAnalysis
0x00000000018d1000 	/System/Library/PrivateFrameworks/GenerationalStorage.framework/Versions/A/GenerationalStorage
0x00000000018d1000 	/System/Library/Frameworks/OpenGL.framework/Versions/A/OpenGL
0x00000000018d1000 	/System/Library/PrivateFrameworks/Sharing.framework/Versions/A/Sharing
0x00000000018d1000 	/System/Library/Frameworks/CoreGraphics.framework/Versions/A/CoreGraphics
0x00000000018d1000 	/System/Library/Frameworks/CoreText.framework/Versions/A/CoreText
0x00000000018d1000 	/System/Library/Frameworks/ImageIO.framework/Versions/A/ImageIO
0x00000000018d1000 	/usr/lib/libextension.dylib
0x00000000018d1000 	/System/Library/PrivateFrameworks/Backup.framework/Versions/A/Backup
0x00000000018d1000 	/usr/lib/libarchive.2.dylib
0x00000000018d1000 	/System/Library/Frameworks/CFNetwork.framework/Versions/A/CFNetwork
0x00000000018d1000 	/System/Library/Frameworks/SystemConfiguration.framework/Versions/A/SystemConfiguration
0x00000000018d1000 	/usr/lib/libCRFSuite.dylib
0x00000000018d1000 	/usr/lib/libc++.1.dylib
0x00000000018d1000 	/usr/lib/libc++abi.dylib
0x00000000018d1000 	/usr/lib/system/libcache.dylib
0x00000000018d1000 	/usr/lib/system/libcommonCrypto.dylib
0x00000000018d1000 	/usr/lib/system/libcompiler_rt.dylib
0x00000000018d1000 	/usr/lib/system/libcopyfile.dylib
0x00000000018d1000 	/usr/lib/system/libcorecrypto.dylib
0x00000000018d1000 	/usr/lib/system/libdispatch.dylib
0x00000000018d1000 	/usr/lib/system/libdyld.dylib
0x00000000018d1000 	/usr/lib/system/libkeymgr.dylib
0x00000000018d1000 	/usr/lib/system/liblaunch.dylib
0x00000000018d1000 	/usr/lib/system/libmacho.dylib
0x00000000018d1000 	/usr/lib/system/libquarantine.dylib
0x00000000018d1000 	/usr/lib/system/libremovefile.dylib
0x00000000018d1000 	/usr/lib/system/libsystem_asl.dylib
0x00000000018d1000 	/usr/lib/system/libsystem_blocks.dylib
0x00000000018d1000 	/usr/lib/system/libsystem_c.dylib
0x00000000018d1000 	/usr/lib/system/libsystem_configuration.dylib
0x00000000018d1000 	/usr/lib/system/libsystem_coreservices.dylib
0x00000000018d1000 	/usr/lib/system/libsystem_coretls.dylib
0x00000000018d1000 	/usr/lib/system/libsystem_dnssd.dylib
0x00000000018d1000 	/usr/lib/system/libsystem_info.dylib
0x00000000018d1000 	/usr/lib/system/libsystem_kernel.dylib
0x00000000018d1000 	/usr/lib/system/libsystem_m.dylib
0x00000000018d1000 	/usr/lib/system/libsystem_malloc.dylib
0x00000000018d1000 	/usr/lib/system/libsystem_network.dylib
0x00000000018d1000 	/usr/lib/system/libsystem_networkextension.dylib
0x00000000018d1000 	/usr/lib/system/libsystem_notify.dylib
0x00000000018d1000 	/usr/lib/system/libsystem_platform.dylib
0x00000000018d1000 	/usr/lib/system/libsystem_pthread.dylib
0x00000000018d1000 	/usr/lib/system/libsystem_sandbox.dylib
0x00000000018d1000 	/usr/lib/system/libsystem_secinit.dylib
0x00000000018d1000 	/usr/lib/system/libsystem_stats.dylib
0x00000000018d1000 	/usr/lib/system/libsystem_trace.dylib
0x00000000018d1000 	/usr/lib/system/libunc.dylib
0x00000000018d1000 	/usr/lib/system/libunwind.dylib
0x00000000018d1000 	/usr/lib/system/libxpc.dylib
0x00000000018d1000 	/usr/lib/libbz2.1.0.dylib
0x00000000018d1000 	/usr/lib/liblzma.5.dylib
0x00000000018d1000 	/usr/lib/libbsm.0.dylib
0x00000000018d1000 	/usr/lib/libsqlite3.dylib
0x00000000018d1000 	/usr/lib/system/libkxld.dylib
0x00000000018d1000 	/usr/lib/libxar.1.dylib
0x00000000018d1000 	/usr/lib/libpam.2.dylib
0x00000000018d1000 	/usr/lib/libOpenScriptingUtil.dylib
0x00000000018d1000 	/System/Library/Frameworks/CoreServices.framework/Versions/A/Frameworks/FSEvents.framework/Versions/A/FSEvents
0x00000000018d1000 	/System/Library/Frameworks/CoreServices.framework/Versions/A/Frameworks/CarbonCore.framework/Versions/A/CarbonCore
0x00000000018d1000 	/System/Library/Frameworks/CoreServices.framework/Versions/A/Frameworks/Metadata.framework/Versions/A/Metadata
0x00000000018d1000 	/System/Library/Frameworks/CoreServices.framework/Versions/A/Frameworks/OSServices.framework/Versions/A/OSServices
0x00000000018d1000 	/System/Library/Frameworks/CoreServices.framework/Versions/A/Frameworks/SearchKit.framework/Versions/A/SearchKit
0x00000000018d1000 	/System/Library/Frameworks/CoreServices.framework/Versions/A/Frameworks/AE.framework/Versions/A/AE
0x00000000018d1000 	/System/Library/Frameworks/CoreServices.framework/Versions/A/Frameworks/LaunchServices.framework/Versions/A/LaunchServices
0x00000000018d1000 	/System/Library/Frameworks/CoreServices.framework/Versions/A/Frameworks/DictionaryServices.framework/Versions/A/DictionaryServices
0x00000000018d1000 	/System/Library/Frameworks/NetFS.framework/Versions/A/NetFS
0x00000000018d1000 	/System/Library/PrivateFrameworks/NetAuth.framework/Versions/A/NetAuth
0x00000000018d1000 	/System/Library/PrivateFrameworks/login.framework/Versions/A/Frameworks/loginsupport.framework/Versions/A/loginsupport
0x00000000018d1000 	/System/Library/PrivateFrameworks/TCC.framework/Versions/A/TCC
0x00000000018d1000 	/usr/lib/libmecabra.dylib
0x00000000018d1000 	/System/Library/Frameworks/ApplicationServices.framework/Versions/A/Frameworks/ATS.framework/Versions/A/ATS
0x00000000018d1000 	/System/Library/Frameworks/ApplicationServices.framework/Versions/A/Frameworks/ColorSync.framework/Versions/A/ColorSync
0x00000000018d1000 	/System/Library/Frameworks/ApplicationServices.framework/Versions/A/Frameworks/HIServices.framework/Versions/A/HIServices
0x00000000018d1000 	/System/Library/Frameworks/ApplicationServices.framework/Versions/A/Frameworks/LangAnalysis.framework/Versions/A/LangAnalysis
0x00000000018d1000 	/System/Library/Frameworks/ApplicationServices.framework/Versions/A/Frameworks/PrintCore.framework/Versions/A/PrintCore
0x00000000018d1000 	/System/Library/Frameworks/ApplicationServices.framework/Versions/A/Frameworks/QD.framework/Versions/A/QD
0x00000000018d1000 	/System/Library/Frameworks/ApplicationServices.framework/Versions/A/Frameworks/SpeechSynthesis.framework/Versions/A/SpeechSynthesis
0x00000000018d1000 	/System/Library/Frameworks/Accelerate.framework/Versions/A/Accelerate
0x00000000018d1000 	/System/Library/Frameworks/Accelerate.framework/Versions/A/Frameworks/vImage.framework/Versions/A/vImage
0x00000000018d1000 	/System/Library/Frameworks/Accelerate.framework/Versions/A/Frameworks/vecLib.framework/Versions/A/vecLib
0x00000000018d1000 	/System/Library/Frameworks/Accelerate.framework/Versions/A/Frameworks/vecLib.framework/Versions/A/libvDSP.dylib
0x00000000018d1000 	/System/Library/Frameworks/Accelerate.framework/Versions/A/Frameworks/vecLib.framework/Versions/A/libvMisc.dylib
0x00000000018d1000 	/System/Library/Frameworks/Accelerate.framework/Versions/A/Frameworks/vecLib.framework/Versions/A/libLAPACK.dylib
0x00000000018d1000 	/System/Library/Frameworks/Accelerate.framework/Versions/A/Frameworks/vecLib.framework/Versions/A/libBLAS.dylib
0x00000000018d1000 	/System/Library/Frameworks/Accelerate.framework/Versions/A/Frameworks/vecLib.framework/Versions/A/libLinearAlgebra.dylib
0x00000000018d1000 	/System/Library/Frameworks/ApplicationServices.framework/Versions/A/Frameworks/ATS.framework/Versions/A/Resources/libFontParser.dylib
0x00000000018d1000 	/System/Library/Frameworks/ApplicationServices.framework/Versions/A/Frameworks/ATS.framework/Versions/A/Resources/libFontRegistry.dylib
0x00000000018d1000 	/System/Library/PrivateFrameworks/AppleVPA.framework/Versions/A/AppleVPA
0x00000000018d1000 	/System/Library/PrivateFrameworks/AppleJPEG.framework/Versions/A/AppleJPEG
0x00000000018d1000 	/System/Library/Frameworks/ImageIO.framework/Versions/A/Resources/libJPEG.dylib
0x00000000018d1000 	/System/Library/Frameworks/ImageIO.framework/Versions/A/Resources/libTIFF.dylib
0x00000000018d1000 	/System/Library/Frameworks/ImageIO.framework/Versions/A/Resources/libPng.dylib
0x00000000018d1000 	/System/Library/Frameworks/ImageIO.framework/Versions/A/Resources/libGIF.dylib
0x00000000018d1000 	/System/Library/Frameworks/ImageIO.framework/Versions/A/Resources/libJP2.dylib
0x00000000018d1000 	/System/Library/Frameworks/ImageIO.framework/Versions/A/Resources/libRadiance.dylib
0x00000000018d1000 	/System/Library/Frameworks/CoreVideo.framework/Versions/A/CoreVideo
0x00000000018d1000 	/System/Library/Frameworks/OpenGL.framework/Versions/A/Libraries/libGLU.dylib
0x00000000018d1000 	/System/Library/Frameworks/OpenGL.framework/Versions/A/Libraries/libGFXShared.dylib
0x00000000018d1000 	/System/Library/Frameworks/OpenGL.framework/Versions/A/Libraries/libGL.dylib
0x00000000018d1000 	/System/Library/Frameworks/OpenGL.framework/Versions/A/Libraries/libGLImage.dylib
0x00000000018d1000 	/System/Library/Frameworks/OpenGL.framework/Versions/A/Libraries/libCVMSPluginSupport.dylib
0x00000000018d1000 	/System/Library/Frameworks/OpenGL.framework/Versions/A/Libraries/libCoreVMClient.dylib
0x00000000018d1000 	/usr/lib/libcups.2.dylib
0x00000000018d1000 	/System/Library/Frameworks/Kerberos.framework/Versions/A/Kerberos
0x00000000018d1000 	/System/Library/Frameworks/GSS.framework/Versions/A/GSS
0x00000000018d1000 	/usr/lib/libresolv.9.dylib
0x00000000018d1000 	/usr/lib/libiconv.2.dylib
0x00000000018d1000 	/System/Library/PrivateFrameworks/Heimdal.framework/Versions/A/Heimdal
0x00000000018d1000 	/usr/lib/libheimdal-asn1.dylib
0x00000000018d1000 	/System/Library/Frameworks/OpenDirectory.framework/Versions/A/OpenDirectory
0x00000000018d1000 	/System/Library/PrivateFrameworks/CommonAuth.framework/Versions/A/CommonAuth
0x00000000018d1000 	/System/Library/Frameworks/OpenDirectory.framework/Versions/A/Frameworks/CFOpenDirectory.framework/Versions/A/CFOpenDirectory
0x00000000018d1000 	/System/Library/Frameworks/SecurityFoundation.framework/Versions/A/SecurityFoundation
0x00000000018d1000 	/System/Library/PrivateFrameworks/LanguageModeling.framework/Versions/A/LanguageModeling
0x00000000018d1000 	/usr/lib/libcmph.dylib
0x00000000018d1000 	/System/Library/Frameworks/ServiceManagement.framework/Versions/A/ServiceManagement
0x00000000018d1000 	/usr/lib/libxslt.1.dylib
0x00000000018d1000 	/System/Library/Frameworks/Carbon.framework/Versions/A/Frameworks/Ink.framework/Versions/A/Ink
0x00000000018d1000 	/System/Library/Frameworks/QuartzCore.framework/Versions/A/Frameworks/CoreImage.framework/Versions/A/CoreImage
0x00000000018d1000 	/System/Library/PrivateFrameworks/CrashReporterSupport.framework/Versions/A/CrashReporterSupport
0x00000000018d1000 	/System/Library/Frameworks/OpenCL.framework/Versions/A/OpenCL
0x00000000018d1000 	/System/Library/PrivateFrameworks/FaceCore.framework/Versions/A/FaceCore
0x00000000018d1000 	/System/Library/PrivateFrameworks/Ubiquity.framework/Versions/A/Ubiquity
0x00000000018d1000 	/System/Library/PrivateFrameworks/IconServices.framework/Versions/A/IconServices
0x00000000018d1000 	/System/Library/PrivateFrameworks/ChunkingLibrary.framework/Versions/A/ChunkingLibrary
0x00000000018d1000 	/System/Library/PrivateFrameworks/Apple80211.framework/Versions/A/Apple80211
0x00000000018d1000 	/System/Library/Frameworks/CoreWLAN.framework/Versions/A/CoreWLAN
0x00000000018d1000 	/System/Library/Frameworks/IOBluetooth.framework/Versions/A/IOBluetooth
0x00000000018d1000 	/System/Library/PrivateFrameworks/CoreWiFi.framework/Versions/A/CoreWiFi
0x00000000018d1000 	/System/Library/Frameworks/CoreBluetooth.framework/Versions/A/CoreBluetooth
0x00000000018d1000 	/System/Library/PrivateFrameworks/DebugSymbols.framework/Versions/A/DebugSymbols
0x00000000018d1000 	/System/Library/PrivateFrameworks/CoreSymbolication.framework/Versions/A/CoreSymbolication
0x00000000018d1000 	/System/Library/PrivateFrameworks/Symbolication.framework/Versions/A/Symbolication
0x00000000018d1000 	/System/Library/PrivateFrameworks/SpeechRecognitionCore.framework/Versions/A/SpeechRecognitionCore
0x00000001086fd000 	/Library/Java/JavaVirtualMachines/jdk1.8.0_60.jdk/Contents/Home/jre/lib/server/libjvm.dylib
0x00000000018d1000 	/usr/lib/libstdc++.6.dylib
0x00000001097a0000 	/Library/Java/JavaVirtualMachines/jdk1.8.0_60.jdk/Contents/Home/jre/lib/libverify.dylib
0x00000001097ae000 	/Library/Java/JavaVirtualMachines/jdk1.8.0_60.jdk/Contents/Home/jre/lib/libjava.dylib
0x00000001097ed000 	/Library/Java/JavaVirtualMachines/jdk1.8.0_60.jdk/Contents/Home/jre/lib/libzip.dylib
0x0000000124b4a000 	/System/Library/Frameworks/JavaVM.framework/Frameworks/JavaRuntimeSupport.framework/JavaRuntimeSupport
0x0000000124b62000 	/System/Library/Frameworks/JavaVM.framework/Versions/A/Frameworks/JavaNativeFoundation.framework/Versions/A/JavaNativeFoundation
0x0000000124b77000 	/System/Library/Frameworks/JavaVM.framework/Versions/A/JavaVM
0x00000000018d1000 	/System/Library/Frameworks/Carbon.framework/Versions/A/Carbon
0x0000000124b84000 	/System/Library/PrivateFrameworks/JavaLaunching.framework/Versions/A/JavaLaunching
0x00000000018d1000 	/System/Library/Frameworks/Carbon.framework/Versions/A/Frameworks/CommonPanels.framework/Versions/A/CommonPanels
0x00000000018d1000 	/System/Library/Frameworks/Carbon.framework/Versions/A/Frameworks/Help.framework/Versions/A/Help
0x00000000018d1000 	/System/Library/Frameworks/Carbon.framework/Versions/A/Frameworks/ImageCapture.framework/Versions/A/ImageCapture
0x00000000018d1000 	/System/Library/Frameworks/Carbon.framework/Versions/A/Frameworks/OpenScripting.framework/Versions/A/OpenScripting
0x00000000018d1000 	/System/Library/Frameworks/Carbon.framework/Versions/A/Frameworks/Print.framework/Versions/A/Print
0x00000000018d1000 	/System/Library/Frameworks/Carbon.framework/Versions/A/Frameworks/SecurityHI.framework/Versions/A/SecurityHI
0x0000000126c4a000 	/Library/Java/JavaVirtualMachines/jdk1.8.0_60.jdk/Contents/Home/jre/lib/libprism_es2.dylib
0x00000000018d1000 	/System/Library/Frameworks/OpenGL.framework/Versions/A/Resources/GLEngine.bundle/GLEngine
0x00000000018d1000 	/System/Library/Frameworks/OpenGL.framework/Versions/A/Libraries/libGLProgrammability.dylib
0x0000000126ccc000 	/System/Library/Extensions/AppleIntelBDWGraphicsGLDriver.bundle/Contents/MacOS/AppleIntelBDWGraphicsGLDriver
0x00000000018d1000 	/System/Library/PrivateFrameworks/IOAccelerator.framework/Versions/A/IOAccelerator
0x00000000018d1000 	/System/Library/PrivateFrameworks/GPUSupport.framework/Versions/A/Libraries/libGPUSupportMercury.dylib
0x00000000018d1000 	/System/Library/Frameworks/OpenGL.framework/Versions/A/Resources/GLRendererFloat.bundle/GLRendererFloat
0x00000000018d1000 	/System/Library/Frameworks/OpenCL.framework/Versions/A/Libraries/libcldcpuengine.dylib
0x00000000018d1000 	/System/Library/PrivateFrameworks/DiskImages.framework/Versions/A/DiskImages
0x00000000018d1000 	/System/Library/Frameworks/DiscRecording.framework/Versions/A/DiscRecording
0x00000000018d1000 	/usr/lib/libcsfde.dylib
0x00000000018d1000 	/usr/lib/libcurl.4.dylib
0x00000000018d1000 	/System/Library/PrivateFrameworks/MediaKit.framework/Versions/A/MediaKit
0x00000000018d1000 	/System/Library/PrivateFrameworks/ProtectedCloudStorage.framework/Versions/A/ProtectedCloudStorage
0x00000000018d1000 	/usr/lib/libCoreStorage.dylib
0x00000000018d1000 	/System/Library/PrivateFrameworks/EFILogin.framework/Versions/A/EFILogin
0x00000000018d1000 	/usr/lib/libutil.dylib
0x00000000018d1000 	/System/Library/PrivateFrameworks/FindMyDevice.framework/Versions/A/FindMyDevice
0x00000000018d1000 	/System/Library/Frameworks/LDAP.framework/Versions/A/LDAP
0x00000000018d1000 	/usr/lib/libsasl2.2.dylib
0x00000000018d1000 	/System/Library/PrivateFrameworks/CoreDaemon.framework/Versions/B/CoreDaemon
0x00000000018d1000 	/usr/lib/libcrypto.0.9.8.dylib
0x00000000018d1000 	/System/Library/PrivateFrameworks/AppleSRP.framework/Versions/A/AppleSRP
0x00000000018d1000 	/System/Library/PrivateFrameworks/TrustEvaluationAgent.framework/Versions/A/TrustEvaluationAgent
0x00000001277af000 	/Library/Java/JavaVirtualMachines/jdk1.8.0_60.jdk/Contents/Home/jre/lib/libglass.dylib
0x00000000018d1000 	/System/Library/PrivateFrameworks/CoreServicesInternal.framework/Versions/A/CoreServicesInternal
0x00000000018d1000 	/System/Library/PrivateFrameworks/CloudDocs.framework/Versions/A/CloudDocs
0x00000000018d1000 	/System/Library/PrivateFrameworks/CoreDuet.framework/Versions/A/CoreDuet
0x00000000018d1000 	/System/Library/Frameworks/CloudKit.framework/Versions/A/CloudKit
0x00000000018d1000 	/System/Library/PrivateFrameworks/ProtocolBuffer.framework/Versions/A/ProtocolBuffer
0x00000000018d1000 	/System/Library/PrivateFrameworks/CoreDuetDaemonProtocol.framework/Versions/A/CoreDuetDaemonProtocol
0x00000000018d1000 	/System/Library/PrivateFrameworks/CoreDuetDebugLogging.framework/Versions/A/CoreDuetDebugLogging
0x00000000018d1000 	/System/Library/PrivateFrameworks/MMCS.framework/Versions/A/MMCS
0x00000000018d1000 	/System/Library/Frameworks/CoreLocation.framework/Versions/A/CoreLocation
0x00000000018d1000 	/System/Library/PrivateFrameworks/GeoServices.framework/Versions/A/GeoServices
0x00000000018d1000 	/System/Library/Frameworks/CoreGraphics.framework/Versions/A/Resources/libCGCMS.A.dylib
0x00000000018d1000 	/System/Library/CoreServices/RawCamera.bundle/Contents/MacOS/RawCamera
0x00000000018d1000 	/System/Library/Frameworks/CoreGraphics.framework/Versions/A/Resources/libRIP.A.dylib
0x00000000018d1000 	/System/Library/PrivateFrameworks/FamilyControls.framework/Versions/A/FamilyControls
0x00000000018d1000 	/System/Library/PrivateFrameworks/CommerceKit.framework/Versions/A/Frameworks/CommerceCore.framework/Versions/A/CommerceCore
0x00000000018d1000 	/System/Library/PrivateFrameworks/SystemAdministration.framework/Versions/A/SystemAdministration
0x00000000018d1000 	/System/Library/PrivateFrameworks/AppContainer.framework/Versions/A/AppContainer
0x00000000018d1000 	/System/Library/PrivateFrameworks/SecCodeWrapper.framework/Versions/A/SecCodeWrapper
0x00000000018d1000 	/System/Library/Frameworks/DirectoryService.framework/Versions/A/DirectoryService
0x00000000018d1000 	/System/Library/PrivateFrameworks/LoginUIKit.framework/Versions/A/Frameworks/LoginUICore.framework/Versions/A/LoginUICore
0x00000000018d1000 	/usr/lib/libodfde.dylib
0x000000012b580000 	/Users/foyvandolsen/vision/opencv/build/lib/libopencv_java300.dylib
0x00000000018d1000 	/System/Library/Frameworks/QTKit.framework/Versions/A/QTKit
0x00000000018d1000 	/System/Library/Frameworks/AVFoundation.framework/Versions/A/AVFoundation
0x00000000018d1000 	/System/Library/Frameworks/CoreMedia.framework/Versions/A/CoreMedia
0x00000000018d1000 	/System/Library/Frameworks/MediaToolbox.framework/Versions/A/MediaToolbox
0x00000000018d1000 	/System/Library/Frameworks/VideoToolbox.framework/Versions/A/VideoToolbox
0x00000000018d1000 	/System/Library/PrivateFrameworks/CoreMediaAuthoring.framework/Versions/A/CoreMediaAuthoring
0x00000000018d1000 	/System/Library/Frameworks/CoreMediaIO.framework/Versions/A/CoreMediaIO
0x00000000018d1000 	/System/Library/Frameworks/AVFoundation.framework/Versions/A/Resources/libAVFAudio.dylib
0x00000000018d1000 	/System/Library/PrivateFrameworks/MediaControlSender.framework/Versions/A/MediaControlSender
0x00000000018d1000 	/System/Library/PrivateFrameworks/CoreAVCHD.framework/Versions/A/CoreAVCHD
0x00000000018d1000 	/System/Library/Frameworks/MediaAccessibility.framework/Versions/A/MediaAccessibility
0x00000000018d1000 	/System/Library/PrivateFrameworks/Mangrove.framework/Versions/A/Mangrove
0x00000000018d1000 	/System/Library/PrivateFrameworks/CoreAUC.framework/Versions/A/CoreAUC
0x00000000018d1000 	/System/Library/PrivateFrameworks/NetworkStatistics.framework/Versions/A/NetworkStatistics
0x00000000018d1000 	/System/Library/PrivateFrameworks/AirPlaySupport.framework/Versions/A/AirPlaySupport
0x00000000018d1000 	/System/Library/PrivateFrameworks/CoreUtils.framework/Versions/A/CoreUtils
0x00000000018d1000 	/System/Library/PrivateFrameworks/AppleVA.framework/Versions/A/AppleVA
0x00000000018d1000 	/System/Library/PrivateFrameworks/XPCService.framework/Versions/A/XPCService
0x00000000018d1000 	/System/Library/PrivateFrameworks/AppSandbox.framework/Versions/A/AppSandbox
0x00000000018d1000 	/usr/lib/libsandbox.1.dylib
0x00000000018d1000 	/usr/lib/libMatch.1.dylib
0x000000012d4ce000 	/Library/Java/JavaVirtualMachines/jdk1.8.0_60.jdk/Contents/Home/jre/lib/libjavafx_font.dylib
0x00000000018d1000 	/System/Library/Frameworks/CoreGraphics.framework/Versions/A/Resources/libCGXType.A.dylib
0x000000012fb8d000 	cl_kernels
0x0000000130393000 	/System/Library/Frameworks/OpenCL.framework/Versions/A/Libraries/ImageFormats/unorm8_bgra.dylib
0x000000012fb7f000 	cl_kernels
0x0000000130d18000 	/Library/Java/JavaVirtualMachines/jdk1.8.0_60.jdk/Contents/Home/jre/lib/libprism_common.dylib
0x0000000133937000 	/System/Library/Extensions/AppleHDA.kext/Contents/PlugIns/AppleHDAHALPlugIn.bundle/Contents/MacOS/AppleHDAHALPlugIn
0x0000000133940000 	/Library/CoreMediaIO/Plug-Ins/DAL/AppleCamera.plugin/Contents/MacOS/AppleCamera
0x000000013396a000 	/System/Library/Frameworks/CoreMediaIO.framework/Resources/VDC.plugin/Contents/MacOS/VDC
0x000000013399a000 	/System/Library/Frameworks/CoreMediaIO.framework/Resources/CMIOUnits.bundle/Contents/MacOS/CMIOUnits
0x0000000133b26000 	/System/Library/PrivateFrameworks/FWAVC.framework/Versions/A/FWAVC
0x00000001341b7000 	/System/Library/PrivateFrameworks/AppleGVA.framework/AppleGVA

VM Arguments:
jvm_args: -Djava.library.path=/Users/foyvandolsen/vision/opencv/build/lib:/Users/foyvandolsen/vision/opencv/build/src -Dfile.encoding=UTF-8 
java_command: application.Main
java_class_path (initial): /Users/foyvandolsen/Documents/workspace/JavaFxTut/bin:/Applications/Eclipse.app/Contents/Eclipse/plugins/org.eclipse.fx.ide.css.jfx8_2.1.0.201508240705.jar:/Users/foyvandolsen/vision/opencv/build/bin/opencv-300.jar
Launcher Type: SUN_STANDARD

Environment Variables:
PATH=/usr/bin:/bin:/usr/sbin:/sbin
SHELL=/bin/bash

Signal Handlers:
SIGSEGV: [libjvm.dylib+0x5a6d31], sa_mask[0]=11111111011111110111111111111111, sa_flags=SA_ONSTACK|SA_RESTART|SA_SIGINFO
SIGBUS: [libjvm.dylib+0x5a6d31], sa_mask[0]=11111111011111110111111111111111, sa_flags=SA_RESTART|SA_SIGINFO
SIGFPE: [libjvm.dylib+0x480a4c], sa_mask[0]=11111111011111110111111111111111, sa_flags=SA_RESTART|SA_SIGINFO
SIGPIPE: [libjvm.dylib+0x480a4c], sa_mask[0]=11111111011111110111111111111111, sa_flags=SA_RESTART|SA_SIGINFO
SIGXFSZ: [libjvm.dylib+0x480a4c], sa_mask[0]=11111111011111110111111111111111, sa_flags=SA_RESTART|SA_SIGINFO
SIGILL: [libjvm.dylib+0x480a4c], sa_mask[0]=11111111011111110111111111111111, sa_flags=SA_RESTART|SA_SIGINFO
SIGUSR1: SIG_DFL, sa_mask[0]=00000000000000000000000000000000, sa_flags=none
SIGUSR2: [libjvm.dylib+0x48056a], sa_mask[0]=00100000000000000000000000000000, sa_flags=SA_RESTART|SA_SIGINFO
SIGHUP: [libjvm.dylib+0x47eb41], sa_mask[0]=11111111011111110111111111111111, sa_flags=SA_RESTART|SA_SIGINFO
SIGINT: [libjvm.dylib+0x47eb41], sa_mask[0]=11111111011111110111111111111111, sa_flags=SA_RESTART|SA_SIGINFO
SIGTERM: [libjvm.dylib+0x47eb41], sa_mask[0]=11111111011111110111111111111111, sa_flags=SA_RESTART|SA_SIGINFO
SIGQUIT: [libjvm.dylib+0x47eb41], sa_mask[0]=11111111011111110111111111111111, sa_flags=SA_RESTART|SA_SIGINFO


---------------  S Y S T E M  ---------------

OS:Bsduname:Darwin 14.5.0 Darwin Kernel Version 14.5.0: Tue Sep  1 21:23:09 PDT 2015; root:xnu-2782.50.1~1/RELEASE_X86_64 x86_64
rlimit: STACK 8192k, CORE 0k, NPROC 709, NOFILE 10240, AS infinity
load average:1.41 1.37 1.41

CPU:total 4 (2 cores per cpu, 2 threads per core) family 6 model 61 stepping 4, cmov, cx8, fxsr, mmx, sse, sse2, sse3, ssse3, sse4.1, sse4.2, popcnt, avx, avx2, aes, clmul, erms, 3dnowpref, lzcnt, ht, tsc, tscinvbit, bmi1, bmi2, adx

Memory: 4k page, physical 16777216k(939680k free)

/proc/meminfo:


vm_info: Java HotSpot(TM) 64-Bit Server VM (25.60-b23) for bsd-amd64 JRE (1.8.0_60-b27), built on Aug  4 2015 10:47:24 by "java_re" with gcc 4.2.1 (Based on Apple Inc. build 5658) (LLVM build 2336.11.00)

time: Sun Nov 22 20:20:24 2015
elapsed time: 7 seconds (0d 0h 0m 7s)

