#
# A fatal error has been detected by the Java Runtime Environment:
#
#  SIGSEGV (0xb) at pc=0x00007fff89f390d7, pid=84776, tid=81155
#
# JRE version: Java(TM) SE Runtime Environment (8.0_60-b27) (build 1.8.0_60-b27)
# Java VM: Java HotSpot(TM) 64-Bit Server VM (25.60-b23 mixed mode bsd-amd64 compressed oops)
# Problematic frame:
# C  [libobjc.A.dylib+0x10d7]  objc_msgSend+0x17
#
# Failed to write core dump. Core dumps have been disabled. To enable core dumping, try "ulimit -c unlimited" before starting Java again
#
# If you would like to submit a bug report, please visit:
#   http://bugreport.java.com/bugreport/crash.jsp
# The crash happened outside the Java Virtual Machine in native code.
# See problematic frame for where to report the bug.
#

---------------  T H R E A D  ---------------

Current thread (0x00007fc963a44800):  JavaThread "pool-3-thread-1" [_thread_in_native, id=81155, stack(0x0000000134b27000,0x0000000134c27000)]

siginfo: si_signo: 11 (SIGSEGV), si_code: 1 (SEGV_MAPERR), si_addr: 0x0000000300000000

Registers:
RAX=0x0000000000000000, RBX=0x00007fc96443eeb0, RCX=0x0000000000000000, RDX=0x0000000134c262f8
RSP=0x0000000134c26388, RBP=0x0000000134c263d0, RSI=0x00007fff857647de, RDI=0x0000000300000000
R8 =0x000000000000003f, R9 =0x00007fc961e997e0, R10=0x00007fc963a00d50, R11=0x00007ffffffffff8
R12=0x00007fff89f390c0, R13=0x00007fff8bebc884, R14=0x00007fff857647de, R15=0x00007fc964450550
RIP=0x00007fff89f390d7, EFLAGS=0x0000000000010246, ERR=0x0000000000000004
  TRAPNO=0x000000000000000e

Top of Stack: (sp=0x0000000134c26388)
0x0000000134c26388:   0000000127eb041b 00007fc9644131f0
0x0000000134c26398:   4014000000000000 3fb1eb851eb851eb
0x0000000134c263a8:   00007fc961fa3ee0 0000000000000000
0x0000000134c263b8:   000000011f614e38 0000000134c26418
0x0000000134c263c8:   00007fc963a44800 0000000134c263e0
0x0000000134c263d8:   0000000127ea4e9f 0000000134c26400
0x0000000134c263e8:   0000000127ea5223 00007fc963a449f8
0x0000000134c263f8:   0000000134c264e8 0000000134c26440
0x0000000134c26408:   000000012786a989 0000000134c26440
0x0000000134c26418:   00007fff02010000 00007fc964549630
0x0000000134c26428:   0000000000000000 000000011f614e38
0x0000000134c26438:   0000000134c264e8 0000000134c264b0
0x0000000134c26448:   0000000106215954 0000000000000001
0x0000000134c26458:   0000000134c264f0 d000000000000000
0x0000000134c26468:   0000000106215e49 0000000134c26470
0x0000000134c26478:   0000000000000000 0000000134c264e8
0x0000000134c26488:   000000011f615230 0000000000000000
0x0000000134c26498:   000000011f614e38 0000000000000000
0x0000000134c264a8:   0000000134c264d0 0000000134c26530
0x0000000134c264b8:   0000000106207420 000000076bb07528
0x0000000134c264c8:   000000010620f560 00007fc964549630
0x0000000134c264d8:   000000076bb07528 00007fc961fa3ee0
0x0000000134c264e8:   00007fc961fa3ee0 0000000134c264f0
0x0000000134c264f8:   000000011f6143a8 0000000134c26550
0x0000000134c26508:   000000011f615230 0000000000000000
0x0000000134c26518:   000000011f6143e0 0000000134c264d0
0x0000000134c26528:   0000000134c26548 0000000134c26598
0x0000000134c26538:   0000000106207420 0000000000000000
0x0000000134c26548:   000000076d7e75b8 000000076c4b5660
0x0000000134c26558:   0000000134c26558 000000011f6124d5
0x0000000134c26568:   0000000134c265d0 000000011f612df8
0x0000000134c26578:   0000000000000000 000000011f6125f8 

Instructions: (pc=0x00007fff89f390d7)
0x00007fff89f390b7:   00 0f 1f 84 00 00 00 00 00 48 85 ff 2e 74 7a 40
0x00007fff89f390c7:   f6 c7 01 2e 75 7e 49 bb f8 ff ff ff ff 7f 00 00
0x00007fff89f390d7:   4c 23 1f 49 89 f2 45 23 53 18 49 c1 e2 04 4d 03
0x00007fff89f390e7:   53 10 49 3b 32 75 04 41 ff 62 08 49 83 3a 00 74 

Register to memory mapping:

RAX=0x0000000000000000 is an unknown value
RBX=0x00007fc96443eeb0 is an unknown value
RCX=0x0000000000000000 is an unknown value
RDX=0x0000000134c262f8 is pointing into the stack for thread: 0x00007fc963a44800
RSP=0x0000000134c26388 is pointing into the stack for thread: 0x00007fc963a44800
RBP=0x0000000134c263d0 is pointing into the stack for thread: 0x00007fc963a44800
RSI=0x00007fff857647de is an unknown value
RDI=0x0000000300000000 is an unknown value
R8 =0x000000000000003f is an unknown value
R9 =0x00007fc961e997e0 is an unknown value
R10=0x00007fc963a00d50 is an unknown value
R11=0x00007ffffffffff8 is an unknown value
R12=0x00007fff89f390c0: objc_msgSend+0 in /usr/lib/libobjc.A.dylib at 0x00007fff89f38000
R13=0x00007fff8bebc884: -[NSTitlebarContainerView transparent]+0x44778 in /System/Library/Frameworks/AppKit.framework/Versions/C/AppKit at 0x00007fff8b4d5000
R14=0x00007fff857647de is an unknown value
R15=0x00007fc964450550 is an unknown value


Stack: [0x0000000134b27000,0x0000000134c27000],  sp=0x0000000134c26388,  free space=1020k
Native frames: (J=compiled Java code, j=interpreted, Vv=VM code, C=native code)
C  [libobjc.A.dylib+0x10d7]  objc_msgSend+0x17
C  [libopencv_java300.dylib+0x687e9f]  cv::VideoCapture::grab()+0x1f
C  [libopencv_java300.dylib+0x688223]  cv::VideoCapture::read(cv::_OutputArray const&)+0x13
C  [libopencv_java300.dylib+0x4d989]  Java_org_opencv_videoio_VideoCapture_read_10+0x39
j  org.opencv.videoio.VideoCapture.read_0(JJ)Z+0
j  org.opencv.videoio.VideoCapture.read(Lorg/opencv/core/Mat;)Z+8
j  application.FXtutController.grabFrame()Ljavafx/scene/image/Image;+29
j  application.FXtutController.access$0(Lapplication/FXtutController;)Ljavafx/scene/image/Image;+1
j  application.FXtutController$1.run()V+4
j  java.util.concurrent.Executors$RunnableAdapter.call()Ljava/lang/Object;+4
j  java.util.concurrent.FutureTask.runAndReset()Z+47
j  java.util.concurrent.ScheduledThreadPoolExecutor$ScheduledFutureTask.access$301(Ljava/util/concurrent/ScheduledThreadPoolExecutor$ScheduledFutureTask;)Z+1
j  java.util.concurrent.ScheduledThreadPoolExecutor$ScheduledFutureTask.run()V+37
j  java.util.concurrent.ThreadPoolExecutor.runWorker(Ljava/util/concurrent/ThreadPoolExecutor$Worker;)V+95
j  java.util.concurrent.ThreadPoolExecutor$Worker.run()V+5
j  java.lang.Thread.run()V+11
v  ~StubRoutines::call_stub
V  [libjvm.dylib+0x2eab0e]  JavaCalls::call_helper(JavaValue*, methodHandle*, JavaCallArguments*, Thread*)+0x6ae
V  [libjvm.dylib+0x2eb29c]  JavaCalls::call_virtual(JavaValue*, KlassHandle, Symbol*, Symbol*, JavaCallArguments*, Thread*)+0x164
V  [libjvm.dylib+0x2eb448]  JavaCalls::call_virtual(JavaValue*, Handle, KlassHandle, Symbol*, Symbol*, Thread*)+0x4a
V  [libjvm.dylib+0x345965]  thread_entry(JavaThread*, Thread*)+0x7c
V  [libjvm.dylib+0x5612d3]  JavaThread::thread_main_inner()+0x9b
V  [libjvm.dylib+0x5629ce]  JavaThread::run()+0x1c2
V  [libjvm.dylib+0x48343a]  java_start(Thread*)+0xf6
C  [libsystem_pthread.dylib+0x405a]  _pthread_body+0x83
C  [libsystem_pthread.dylib+0x3fd7]  _pthread_body+0x0
C  [libsystem_pthread.dylib+0x13ed]  thread_start+0xd
C  0x0000000000000000

Java frames: (J=compiled Java code, j=interpreted, Vv=VM code)
j  org.opencv.videoio.VideoCapture.read_0(JJ)Z+0
j  org.opencv.videoio.VideoCapture.read(Lorg/opencv/core/Mat;)Z+8
j  application.FXtutController.grabFrame()Ljavafx/scene/image/Image;+29
j  application.FXtutController.access$0(Lapplication/FXtutController;)Ljavafx/scene/image/Image;+1
j  application.FXtutController$1.run()V+4
j  java.util.concurrent.Executors$RunnableAdapter.call()Ljava/lang/Object;+4
j  java.util.concurrent.FutureTask.runAndReset()Z+47
j  java.util.concurrent.ScheduledThreadPoolExecutor$ScheduledFutureTask.access$301(Ljava/util/concurrent/ScheduledThreadPoolExecutor$ScheduledFutureTask;)Z+1
j  java.util.concurrent.ScheduledThreadPoolExecutor$ScheduledFutureTask.run()V+37
j  java.util.concurrent.ThreadPoolExecutor.runWorker(Ljava/util/concurrent/ThreadPoolExecutor$Worker;)V+95
j  java.util.concurrent.ThreadPoolExecutor$Worker.run()V+5
j  java.lang.Thread.run()V+11
v  ~StubRoutines::call_stub

---------------  P R O C E S S  ---------------

Java Threads: ( => current thread )
=>0x00007fc963a44800 JavaThread "pool-3-thread-1" [_thread_in_native, id=81155, stack(0x0000000134b27000,0x0000000134c27000)]
  0x00007fc963a32000 JavaThread "pool-2-thread-1" [_thread_in_native, id=79111, stack(0x000000012feda000,0x000000012ffda000)]
  0x00007fc962940000 JavaThread "Prism Font Disposer" daemon [_thread_blocked, id=48395, stack(0x00000001298c0000,0x00000001299c0000)]
  0x00007fc9638e3800 JavaThread "JavaFX-Launcher" [_thread_blocked, id=47619, stack(0x00000001293b5000,0x00000001294b5000)]
  0x00007fc963243000 JavaThread "Thread-3" daemon [_thread_in_native, id=35335, stack(0x0000000126597000,0x0000000126617000)]
  0x00007fc962919800 JavaThread "JavaFX Application Thread" [_thread_in_native, id=1811, stack(0x00007fff5ac1a000,0x00007fff5b41a000)]
  0x00007fc9631f3000 JavaThread "Thread-1" daemon [_thread_blocked, id=24087, stack(0x00000001239f7000,0x0000000123af7000)]
  0x00007fc96308c000 JavaThread "QuantumRenderer-0" daemon [_thread_blocked, id=18947, stack(0x0000000122cad000,0x0000000122dad000)]
  0x00007fc96382a800 JavaThread "Service Thread" daemon [_thread_blocked, id=17923, stack(0x00000001229d6000,0x0000000122ad6000)]
  0x00007fc962850800 JavaThread "C1 CompilerThread2" daemon [_thread_blocked, id=17411, stack(0x00000001228d3000,0x00000001229d3000)]
  0x00007fc963829800 JavaThread "C2 CompilerThread1" daemon [_thread_blocked, id=16899, stack(0x00000001227d0000,0x00000001228d0000)]
  0x00007fc96283f000 JavaThread "C2 CompilerThread0" daemon [_thread_blocked, id=16387, stack(0x00000001226cd000,0x00000001227cd000)]
  0x00007fc96284f800 JavaThread "Signal Dispatcher" daemon [_thread_blocked, id=12559, stack(0x00000001225ca000,0x00000001226ca000)]
  0x00007fc96300d800 JavaThread "Finalizer" daemon [_thread_blocked, id=11523, stack(0x0000000120c28000,0x0000000120d28000)]
  0x00007fc96300d000 JavaThread "Reference Handler" daemon [_thread_blocked, id=11011, stack(0x0000000120b25000,0x0000000120c25000)]
  0x00007fc96280a000 JavaThread "main" [_thread_blocked, id=4867, stack(0x0000000105886000,0x0000000105986000)]

Other Threads:
  0x00007fc96300a000 VMThread [stack: 0x0000000120a22000,0x0000000120b22000] [id=10499]
  0x00007fc96201a000 WatcherThread [stack: 0x0000000122ad9000,0x0000000122bd9000] [id=18435]

VM state:not at safepoint (normal execution)

VM Mutex/Monitor currently owned by a thread: None

Heap:
 PSYoungGen      total 76288K, used 46628K [0x000000076ab00000, 0x0000000770000000, 0x00000007c0000000)
  eden space 65536K, 71% used [0x000000076ab00000,0x000000076d8890e0,0x000000076eb00000)
  from space 10752K, 0% used [0x000000076f580000,0x000000076f580000,0x0000000770000000)
  to   space 10752K, 0% used [0x000000076eb00000,0x000000076eb00000,0x000000076f580000)
 ParOldGen       total 175104K, used 0K [0x00000006c0000000, 0x00000006cab00000, 0x000000076ab00000)
  object space 175104K, 0% used [0x00000006c0000000,0x00000006c0000000,0x00000006cab00000)
 Metaspace       used 14856K, capacity 15388K, committed 15488K, reserved 1062912K
  class space    used 1992K, capacity 2161K, committed 2176K, reserved 1048576K

Card table byte_map: [0x00000001155c0000,0x0000000115dc1000] byte_map_base: 0x0000000111fc0000

Marking Bits: (ParMarkBitMap*) 0x00000001051c3e20
 Begin Bits: [0x0000000116723000, 0x000000011a723000)
 End Bits:   [0x000000011a723000, 0x000000011e723000)

Polling page: 0x00000001059cb000

CodeCache: size=245760Kb used=4307Kb max_used=4307Kb free=241452Kb
 bounds [0x0000000106200000, 0x0000000106640000, 0x0000000115200000]
 total_blobs=2077 nmethods=1292 adapters=698
 compilation: enabled

Compilation events (10 events):
Event: 7.467 Thread 0x00007fc962850800 1288       1       com.sun.prism.impl.ps.BaseShaderContext$State::access$1500 (5 bytes)
Event: 7.468 Thread 0x00007fc962850800 nmethod 1288 0x0000000106635dd0 code [0x0000000106635f20, 0x0000000106636010]
Event: 7.468 Thread 0x00007fc962850800 1289       1       com.sun.prism.impl.ps.BaseShaderContext$State::access$000 (5 bytes)
Event: 7.468 Thread 0x00007fc962850800 nmethod 1289 0x0000000106636090 code [0x00000001066361e0, 0x00000001066362d0]
Event: 7.468 Thread 0x00007fc962850800 1290       1       com.sun.prism.PixelFormat::getDataType (5 bytes)
Event: 7.468 Thread 0x00007fc962850800 nmethod 1290 0x0000000106636350 code [0x00000001066364a0, 0x00000001066365b0]
Event: 7.468 Thread 0x00007fc962850800 1291       1       com.sun.prism.impl.BaseTexture::getUseMipmap (5 bytes)
Event: 7.468 Thread 0x00007fc962850800 nmethod 1291 0x0000000106636610 code [0x0000000106636760, 0x0000000106636870]
Event: 7.468 Thread 0x00007fc962850800 1292       1       com.sun.javafx.geom.transform.BaseTransform::getMzt (2 bytes)
Event: 7.468 Thread 0x00007fc962850800 nmethod 1292 0x00000001066368d0 code [0x0000000106636a20, 0x0000000106636b30]

GC Heap History (0 events):
No events

Deoptimization events (10 events):
Event: 1.116 Thread 0x00007fc962919800 Uncommon trap: reason=class_check action=maybe_recompile pc=0x0000000106466f84 method=java.io.DataInputStream.readShort()S @ 4
Event: 1.116 Thread 0x00007fc962919800 Uncommon trap: reason=class_check action=maybe_recompile pc=0x0000000106466f84 method=java.io.DataInputStream.readShort()S @ 4
Event: 1.116 Thread 0x00007fc962919800 Uncommon trap: reason=class_check action=maybe_recompile pc=0x0000000106466f84 method=java.io.DataInputStream.readShort()S @ 4
Event: 1.121 Thread 0x00007fc962919800 Uncommon trap: reason=class_check action=maybe_recompile pc=0x000000010631ce9c method=java.lang.String.equals(Ljava/lang/Object;)Z @ 8
Event: 1.121 Thread 0x00007fc962919800 Uncommon trap: reason=class_check action=maybe_recompile pc=0x000000010631ce9c method=java.lang.String.equals(Ljava/lang/Object;)Z @ 8
Event: 1.121 Thread 0x00007fc962919800 Uncommon trap: reason=class_check action=maybe_recompile pc=0x000000010631ce9c method=java.lang.String.equals(Ljava/lang/Object;)Z @ 8
Event: 1.125 Thread 0x00007fc962919800 Uncommon trap: reason=class_check action=maybe_recompile pc=0x000000010631ce9c method=java.lang.String.equals(Ljava/lang/Object;)Z @ 8
Event: 1.154 Thread 0x00007fc962919800 Uncommon trap: reason=unstable_if action=reinterpret pc=0x00000001064e5c20 method=java.util.HashMap.putVal(ILjava/lang/Object;Ljava/lang/Object;ZZ)Ljava/lang/Object; @ 193
Event: 1.272 Thread 0x00007fc96308c000 Uncommon trap: reason=unstable_if action=reinterpret pc=0x00000001064de83c method=sun.net.www.ParseUtil.encodePath(Ljava/lang/String;Z)Ljava/lang/String; @ 109
Event: 2.958 Thread 0x00007fc962919800 Uncommon trap: reason=unstable_if action=reinterpret pc=0x000000010654be3c method=jdk.internal.org.objectweb.asm.Type.getArgumentsAndReturnSizes(Ljava/lang/String;)I @ 47

Internal exceptions (10 events):
Event: 3.788 Thread 0x00007fc963a32000 Exception <a 'java/lang/NullPointerException'> (0x000000076d31d2c8) thrown at [/Users/java_re/workspace/8-2-build-macosx-x86_64/jdk8u60/4407/hotspot/src/share/vm/interpreter/linkResolver.cpp, line 1178]
Event: 3.848 Thread 0x00007fc963a32000 Exception <a 'java/lang/NullPointerException'> (0x000000076d357d50) thrown at [/Users/java_re/workspace/8-2-build-macosx-x86_64/jdk8u60/4407/hotspot/src/share/vm/interpreter/linkResolver.cpp, line 1178]
Event: 3.932 Thread 0x00007fc963a32000 Exception <a 'java/lang/NullPointerException'> (0x000000076d38eba0) thrown at [/Users/java_re/workspace/8-2-build-macosx-x86_64/jdk8u60/4407/hotspot/src/share/vm/interpreter/linkResolver.cpp, line 1178]
Event: 4.015 Thread 0x00007fc963a32000 Exception <a 'java/lang/NullPointerException'> (0x000000076d3c5e38) thrown at [/Users/java_re/workspace/8-2-build-macosx-x86_64/jdk8u60/4407/hotspot/src/share/vm/interpreter/linkResolver.cpp, line 1178]
Event: 4.105 Thread 0x00007fc963a32000 Exception <a 'java/lang/NullPointerException'> (0x000000076d3fce50) thrown at [/Users/java_re/workspace/8-2-build-macosx-x86_64/jdk8u60/4407/hotspot/src/share/vm/interpreter/linkResolver.cpp, line 1178]
Event: 4.186 Thread 0x00007fc963a32000 Exception <a 'java/lang/NullPointerException'> (0x000000076d433f58) thrown at [/Users/java_re/workspace/8-2-build-macosx-x86_64/jdk8u60/4407/hotspot/src/share/vm/interpreter/linkResolver.cpp, line 1178]
Event: 4.259 Thread 0x00007fc963a32000 Exception <a 'java/lang/NullPointerException'> (0x000000076d46b118) thrown at [/Users/java_re/workspace/8-2-build-macosx-x86_64/jdk8u60/4407/hotspot/src/share/vm/interpreter/linkResolver.cpp, line 1178]
Event: 4.343 Thread 0x00007fc963a32000 Exception <a 'java/lang/NullPointerException'> (0x000000076d4a2348) thrown at [/Users/java_re/workspace/8-2-build-macosx-x86_64/jdk8u60/4407/hotspot/src/share/vm/interpreter/linkResolver.cpp, line 1178]
Event: 4.431 Thread 0x00007fc963a32000 Exception <a 'java/lang/NullPointerException'> (0x000000076d4d9538) thrown at [/Users/java_re/workspace/8-2-build-macosx-x86_64/jdk8u60/4407/hotspot/src/share/vm/interpreter/linkResolver.cpp, line 1178]
Event: 4.511 Thread 0x00007fc963a32000 Exception <a 'java/lang/NullPointerException'> (0x000000076d510700) thrown at [/Users/java_re/workspace/8-2-build-macosx-x86_64/jdk8u60/4407/hotspot/src/share/vm/interpreter/linkResolver.cpp, line 1178]

Events (10 events):
Event: 3.931 Thread 0x00007fc963a32000 DEOPT UNPACKING pc=0x0000000106247633 sp=0x000000012ffd8a28 mode 0
Event: 3.931 Thread 0x00007fc963a32000 DEOPT PACKING pc=0x00000001065f806f sp=0x000000012ffd8cf0
Event: 3.931 Thread 0x00007fc963a32000 DEOPT UNPACKING pc=0x0000000106247633 sp=0x000000012ffd8a28 mode 0
Event: 3.931 Thread 0x00007fc963a32000 DEOPT PACKING pc=0x00000001065f806f sp=0x000000012ffd8cf0
Event: 3.931 Thread 0x00007fc963a32000 DEOPT UNPACKING pc=0x0000000106247633 sp=0x000000012ffd8a28 mode 0
Event: 3.931 Thread 0x00007fc963a32000 DEOPT PACKING pc=0x00000001065f806f sp=0x000000012ffd8cf0
Event: 3.931 Thread 0x00007fc963a32000 DEOPT UNPACKING pc=0x0000000106247633 sp=0x000000012ffd8a28 mode 0
Event: 4.140 Executing VM operation: EnableBiasedLocking
Event: 4.141 Executing VM operation: EnableBiasedLocking done
Event: 6.693 Thread 0x00007fc963a44800 Thread added: 0x00007fc963a44800


Dynamic libraries:
0x00000000018d1000 	/System/Library/Frameworks/Cocoa.framework/Versions/A/Cocoa
0x00000000018d1000 	/System/Library/Frameworks/Security.framework/Versions/A/Security
0x00000000018d1000 	/System/Library/Frameworks/ApplicationServices.framework/Versions/A/ApplicationServices
0x00000000018d1000 	/usr/lib/libz.1.dylib
0x00000000018d1000 	/usr/lib/libSystem.B.dylib
0x00000000018d1000 	/usr/lib/libobjc.A.dylib
0x00000000018d1000 	/System/Library/Frameworks/CoreFoundation.framework/Versions/A/CoreFoundation
0x00000000018d1000 	/System/Library/Frameworks/Foundation.framework/Versions/C/Foundation
0x00000000018d1000 	/System/Library/Frameworks/AppKit.framework/Versions/C/AppKit
0x00000000018d1000 	/System/Library/Frameworks/CoreData.framework/Versions/A/CoreData
0x00000000018d1000 	/System/Library/PrivateFrameworks/RemoteViewServices.framework/Versions/A/RemoteViewServices
0x00000000018d1000 	/System/Library/PrivateFrameworks/UIFoundation.framework/Versions/A/UIFoundation
0x00000000018d1000 	/System/Library/Frameworks/IOSurface.framework/Versions/A/IOSurface
0x00000000018d1000 	/System/Library/Frameworks/AudioToolbox.framework/Versions/A/AudioToolbox
0x00000000018d1000 	/System/Library/Frameworks/AudioUnit.framework/Versions/A/AudioUnit
0x00000000018d1000 	/System/Library/PrivateFrameworks/DataDetectorsCore.framework/Versions/A/DataDetectorsCore
0x00000000018d1000 	/System/Library/PrivateFrameworks/DesktopServicesPriv.framework/Versions/A/DesktopServicesPriv
0x00000000018d1000 	/System/Library/Frameworks/Carbon.framework/Versions/A/Frameworks/HIToolbox.framework/Versions/A/HIToolbox
0x00000000018d1000 	/System/Library/Frameworks/QuartzCore.framework/Versions/A/QuartzCore
0x00000000018d1000 	/System/Library/Frameworks/Carbon.framework/Versions/A/Frameworks/SpeechRecognition.framework/Versions/A/SpeechRecognition
0x00000000018d1000 	/usr/lib/libauto.dylib
0x00000000018d1000 	/usr/lib/libicucore.A.dylib
0x00000000018d1000 	/usr/lib/libxml2.2.dylib
0x00000000018d1000 	/System/Library/PrivateFrameworks/CoreUI.framework/Versions/A/CoreUI
0x00000000018d1000 	/System/Library/Frameworks/CoreAudio.framework/Versions/A/CoreAudio
0x00000000018d1000 	/System/Library/Frameworks/DiskArbitration.framework/Versions/A/DiskArbitration
0x00000000018d1000 	/usr/lib/liblangid.dylib
0x00000000018d1000 	/System/Library/PrivateFrameworks/MultitouchSupport.framework/Versions/A/MultitouchSupport
0x00000000018d1000 	/System/Library/Frameworks/IOKit.framework/Versions/A/IOKit
0x00000000018d1000 	/usr/lib/libDiagnosticMessagesClient.dylib
0x00000000018d1000 	/System/Library/Frameworks/CoreServices.framework/Versions/A/CoreServices
0x00000000018d1000 	/System/Library/PrivateFrameworks/PerformanceAnalysis.framework/Versions/A/PerformanceAnalysis
0x00000000018d1000 	/System/Library/PrivateFrameworks/GenerationalStorage.framework/Versions/A/GenerationalStorage
0x00000000018d1000 	/System/Library/Frameworks/OpenGL.framework/Versions/A/OpenGL
0x00000000018d1000 	/System/Library/PrivateFrameworks/Sharing.framework/Versions/A/Sharing
0x00000000018d1000 	/System/Library/Frameworks/CoreGraphics.framework/Versions/A/CoreGraphics
0x00000000018d1000 	/System/Library/Frameworks/CoreText.framework/Versions/A/CoreText
0x00000000018d1000 	/System/Library/Frameworks/ImageIO.framework/Versions/A/ImageIO
0x00000000018d1000 	/usr/lib/libextension.dylib
0x00000000018d1000 	/System/Library/PrivateFrameworks/Backup.framework/Versions/A/Backup
0x00000000018d1000 	/usr/lib/libarchive.2.dylib
0x00000000018d1000 	/System/Library/Frameworks/CFNetwork.framework/Versions/A/CFNetwork
0x00000000018d1000 	/System/Library/Frameworks/SystemConfiguration.framework/Versions/A/SystemConfiguration
0x00000000018d1000 	/usr/lib/libCRFSuite.dylib
0x00000000018d1000 	/usr/lib/libc++.1.dylib
0x00000000018d1000 	/usr/lib/libc++abi.dylib
0x00000000018d1000 	/usr/lib/system/libcache.dylib
0x00000000018d1000 	/usr/lib/system/libcommonCrypto.dylib
0x00000000018d1000 	/usr/lib/system/libcompiler_rt.dylib
0x00000000018d1000 	/usr/lib/system/libcopyfile.dylib
0x00000000018d1000 	/usr/lib/system/libcorecrypto.dylib
0x00000000018d1000 	/usr/lib/system/libdispatch.dylib
0x00000000018d1000 	/usr/lib/system/libdyld.dylib
0x00000000018d1000 	/usr/lib/system/libkeymgr.dylib
0x00000000018d1000 	/usr/lib/system/liblaunch.dylib
0x00000000018d1000 	/usr/lib/system/libmacho.dylib
0x00000000018d1000 	/usr/lib/system/libquarantine.dylib
0x00000000018d1000 	/usr/lib/system/libremovefile.dylib
0x00000000018d1000 	/usr/lib/system/libsystem_asl.dylib
0x00000000018d1000 	/usr/lib/system/libsystem_blocks.dylib
0x00000000018d1000 	/usr/lib/system/libsystem_c.dylib
0x00000000018d1000 	/usr/lib/system/libsystem_configuration.dylib
0x00000000018d1000 	/usr/lib/system/libsystem_coreservices.dylib
0x00000000018d1000 	/usr/lib/system/libsystem_coretls.dylib
0x00000000018d1000 	/usr/lib/system/libsystem_dnssd.dylib
0x00000000018d1000 	/usr/lib/system/libsystem_info.dylib
0x00000000018d1000 	/usr/lib/system/libsystem_kernel.dylib
0x00000000018d1000 	/usr/lib/system/libsystem_m.dylib
0x00000000018d1000 	/usr/lib/system/libsystem_malloc.dylib
0x00000000018d1000 	/usr/lib/system/libsystem_network.dylib
0x00000000018d1000 	/usr/lib/system/libsystem_networkextension.dylib
0x00000000018d1000 	/usr/lib/system/libsystem_notify.dylib
0x00000000018d1000 	/usr/lib/system/libsystem_platform.dylib
0x00000000018d1000 	/usr/lib/system/libsystem_pthread.dylib
0x00000000018d1000 	/usr/lib/system/libsystem_sandbox.dylib
0x00000000018d1000 	/usr/lib/system/libsystem_secinit.dylib
0x00000000018d1000 	/usr/lib/system/libsystem_stats.dylib
0x00000000018d1000 	/usr/lib/system/libsystem_trace.dylib
0x00000000018d1000 	/usr/lib/system/libunc.dylib
0x00000000018d1000 	/usr/lib/system/libunwind.dylib
0x00000000018d1000 	/usr/lib/system/libxpc.dylib
0x00000000018d1000 	/usr/lib/libbz2.1.0.dylib
0x00000000018d1000 	/usr/lib/liblzma.5.dylib
0x00000000018d1000 	/usr/lib/libbsm.0.dylib
0x00000000018d1000 	/usr/lib/libsqlite3.dylib
0x00000000018d1000 	/usr/lib/system/libkxld.dylib
0x00000000018d1000 	/usr/lib/libxar.1.dylib
0x00000000018d1000 	/usr/lib/libpam.2.dylib
0x00000000018d1000 	/usr/lib/libOpenScriptingUtil.dylib
0x00000000018d1000 	/System/Library/Frameworks/CoreServices.framework/Versions/A/Frameworks/FSEvents.framework/Versions/A/FSEvents
0x00000000018d1000 	/System/Library/Frameworks/CoreServices.framework/Versions/A/Frameworks/CarbonCore.framework/Versions/A/CarbonCore
0x00000000018d1000 	/System/Library/Frameworks/CoreServices.framework/Versions/A/Frameworks/Metadata.framework/Versions/A/Metadata
0x00000000018d1000 	/System/Library/Frameworks/CoreServices.framework/Versions/A/Frameworks/OSServices.framework/Versions/A/OSServices
0x00000000018d1000 	/System/Library/Frameworks/CoreServices.framework/Versions/A/Frameworks/SearchKit.framework/Versions/A/SearchKit
0x00000000018d1000 	/System/Library/Frameworks/CoreServices.framework/Versions/A/Frameworks/AE.framework/Versions/A/AE
0x00000000018d1000 	/System/Library/Frameworks/CoreServices.framework/Versions/A/Frameworks/LaunchServices.framework/Versions/A/LaunchServices
0x00000000018d1000 	/System/Library/Frameworks/CoreServices.framework/Versions/A/Frameworks/DictionaryServices.framework/Versions/A/DictionaryServices
0x00000000018d1000 	/System/Library/Frameworks/NetFS.framework/Versions/A/NetFS
0x00000000018d1000 	/System/Library/PrivateFrameworks/NetAuth.framework/Versions/A/NetAuth
0x00000000018d1000 	/System/Library/PrivateFrameworks/login.framework/Versions/A/Frameworks/loginsupport.framework/Versions/A/loginsupport
0x00000000018d1000 	/System/Library/PrivateFrameworks/TCC.framework/Versions/A/TCC
0x00000000018d1000 	/usr/lib/libmecabra.dylib
0x00000000018d1000 	/System/Library/Frameworks/ApplicationServices.framework/Versions/A/Frameworks/ATS.framework/Versions/A/ATS
0x00000000018d1000 	/System/Library/Frameworks/ApplicationServices.framework/Versions/A/Frameworks/ColorSync.framework/Versions/A/ColorSync
0x00000000018d1000 	/System/Library/Frameworks/ApplicationServices.framework/Versions/A/Frameworks/HIServices.framework/Versions/A/HIServices
0x00000000018d1000 	/System/Library/Frameworks/ApplicationServices.framework/Versions/A/Frameworks/LangAnalysis.framework/Versions/A/LangAnalysis
0x00000000018d1000 	/System/Library/Frameworks/ApplicationServices.framework/Versions/A/Frameworks/PrintCore.framework/Versions/A/PrintCore
0x00000000018d1000 	/System/Library/Frameworks/ApplicationServices.framework/Versions/A/Frameworks/QD.framework/Versions/A/QD
0x00000000018d1000 	/System/Library/Frameworks/ApplicationServices.framework/Versions/A/Frameworks/SpeechSynthesis.framework/Versions/A/SpeechSynthesis
0x00000000018d1000 	/System/Library/Frameworks/Accelerate.framework/Versions/A/Accelerate
0x00000000018d1000 	/System/Library/Frameworks/Accelerate.framework/Versions/A/Frameworks/vImage.framework/Versions/A/vImage
0x00000000018d1000 	/System/Library/Frameworks/Accelerate.framework/Versions/A/Frameworks/vecLib.framework/Versions/A/vecLib
0x00000000018d1000 	/System/Library/Frameworks/Accelerate.framework/Versions/A/Frameworks/vecLib.framework/Versions/A/libvDSP.dylib
0x00000000018d1000 	/System/Library/Frameworks/Accelerate.framework/Versions/A/Frameworks/vecLib.framework/Versions/A/libvMisc.dylib
0x00000000018d1000 	/System/Library/Frameworks/Accelerate.framework/Versions/A/Frameworks/vecLib.framework/Versions/A/libLAPACK.dylib
0x00000000018d1000 	/System/Library/Frameworks/Accelerate.framework/Versions/A/Frameworks/vecLib.framework/Versions/A/libBLAS.dylib
0x00000000018d1000 	/System/Library/Frameworks/Accelerate.framework/Versions/A/Frameworks/vecLib.framework/Versions/A/libLinearAlgebra.dylib
0x00000000018d1000 	/System/Library/Frameworks/ApplicationServices.framework/Versions/A/Frameworks/ATS.framework/Versions/A/Resources/libFontParser.dylib
0x00000000018d1000 	/System/Library/Frameworks/ApplicationServices.framework/Versions/A/Frameworks/ATS.framework/Versions/A/Resources/libFontRegistry.dylib
0x00000000018d1000 	/System/Library/PrivateFrameworks/AppleVPA.framework/Versions/A/AppleVPA
0x00000000018d1000 	/System/Library/PrivateFrameworks/AppleJPEG.framework/Versions/A/AppleJPEG
0x00000000018d1000 	/System/Library/Frameworks/ImageIO.framework/Versions/A/Resources/libJPEG.dylib
0x00000000018d1000 	/System/Library/Frameworks/ImageIO.framework/Versions/A/Resources/libTIFF.dylib
0x00000000018d1000 	/System/Library/Frameworks/ImageIO.framework/Versions/A/Resources/libPng.dylib
0x00000000018d1000 	/System/Library/Frameworks/ImageIO.framework/Versions/A/Resources/libGIF.dylib
0x00000000018d1000 	/System/Library/Frameworks/ImageIO.framework/Versions/A/Resources/libJP2.dylib
0x00000000018d1000 	/System/Library/Frameworks/ImageIO.framework/Versions/A/Resources/libRadiance.dylib
0x00000000018d1000 	/System/Library/Frameworks/CoreVideo.framework/Versions/A/CoreVideo
0x00000000018d1000 	/System/Library/Frameworks/OpenGL.framework/Versions/A/Libraries/libGLU.dylib
0x00000000018d1000 	/System/Library/Frameworks/OpenGL.framework/Versions/A/Libraries/libGFXShared.dylib
0x00000000018d1000 	/System/Library/Frameworks/OpenGL.framework/Versions/A/Libraries/libGL.dylib
0x00000000018d1000 	/System/Library/Frameworks/OpenGL.framework/Versions/A/Libraries/libGLImage.dylib
0x00000000018d1000 	/System/Library/Frameworks/OpenGL.framework/Versions/A/Libraries/libCVMSPluginSupport.dylib
0x00000000018d1000 	/System/Library/Frameworks/OpenGL.framework/Versions/A/Libraries/libCoreVMClient.dylib
0x00000000018d1000 	/usr/lib/libcups.2.dylib
0x00000000018d1000 	/System/Library/Frameworks/Kerberos.framework/Versions/A/Kerberos
0x00000000018d1000 	/System/Library/Frameworks/GSS.framework/Versions/A/GSS
0x00000000018d1000 	/usr/lib/libresolv.9.dylib
0x00000000018d1000 	/usr/lib/libiconv.2.dylib
0x00000000018d1000 	/System/Library/PrivateFrameworks/Heimdal.framework/Versions/A/Heimdal
0x00000000018d1000 	/usr/lib/libheimdal-asn1.dylib
0x00000000018d1000 	/System/Library/Frameworks/OpenDirectory.framework/Versions/A/OpenDirectory
0x00000000018d1000 	/System/Library/PrivateFrameworks/CommonAuth.framework/Versions/A/CommonAuth
0x00000000018d1000 	/System/Library/Frameworks/OpenDirectory.framework/Versions/A/Frameworks/CFOpenDirectory.framework/Versions/A/CFOpenDirectory
0x00000000018d1000 	/System/Library/Frameworks/SecurityFoundation.framework/Versions/A/SecurityFoundation
0x00000000018d1000 	/System/Library/PrivateFrameworks/LanguageModeling.framework/Versions/A/LanguageModeling
0x00000000018d1000 	/usr/lib/libcmph.dylib
0x00000000018d1000 	/System/Library/Frameworks/ServiceManagement.framework/Versions/A/ServiceManagement
0x00000000018d1000 	/usr/lib/libxslt.1.dylib
0x00000000018d1000 	/System/Library/Frameworks/Carbon.framework/Versions/A/Frameworks/Ink.framework/Versions/A/Ink
0x00000000018d1000 	/System/Library/Frameworks/QuartzCore.framework/Versions/A/Frameworks/CoreImage.framework/Versions/A/CoreImage
0x00000000018d1000 	/System/Library/PrivateFrameworks/CrashReporterSupport.framework/Versions/A/CrashReporterSupport
0x00000000018d1000 	/System/Library/Frameworks/OpenCL.framework/Versions/A/OpenCL
0x00000000018d1000 	/System/Library/PrivateFrameworks/FaceCore.framework/Versions/A/FaceCore
0x00000000018d1000 	/System/Library/PrivateFrameworks/Ubiquity.framework/Versions/A/Ubiquity
0x00000000018d1000 	/System/Library/PrivateFrameworks/IconServices.framework/Versions/A/IconServices
0x00000000018d1000 	/System/Library/PrivateFrameworks/ChunkingLibrary.framework/Versions/A/ChunkingLibrary
0x00000000018d1000 	/System/Library/PrivateFrameworks/Apple80211.framework/Versions/A/Apple80211
0x00000000018d1000 	/System/Library/Frameworks/CoreWLAN.framework/Versions/A/CoreWLAN
0x00000000018d1000 	/System/Library/Frameworks/IOBluetooth.framework/Versions/A/IOBluetooth
0x00000000018d1000 	/System/Library/PrivateFrameworks/CoreWiFi.framework/Versions/A/CoreWiFi
0x00000000018d1000 	/System/Library/Frameworks/CoreBluetooth.framework/Versions/A/CoreBluetooth
0x00000000018d1000 	/System/Library/PrivateFrameworks/DebugSymbols.framework/Versions/A/DebugSymbols
0x00000000018d1000 	/System/Library/PrivateFrameworks/CoreSymbolication.framework/Versions/A/CoreSymbolication
0x00000000018d1000 	/System/Library/PrivateFrameworks/Symbolication.framework/Versions/A/Symbolication
0x00000000018d1000 	/System/Library/PrivateFrameworks/SpeechRecognitionCore.framework/Versions/A/SpeechRecognitionCore
0x00000001048e5000 	/Library/Java/JavaVirtualMachines/jdk1.8.0_60.jdk/Contents/Home/jre/lib/server/libjvm.dylib
0x00000000018d1000 	/usr/lib/libstdc++.6.dylib
0x0000000105988000 	/Library/Java/JavaVirtualMachines/jdk1.8.0_60.jdk/Contents/Home/jre/lib/libverify.dylib
0x0000000105996000 	/Library/Java/JavaVirtualMachines/jdk1.8.0_60.jdk/Contents/Home/jre/lib/libjava.dylib
0x00000001059d5000 	/Library/Java/JavaVirtualMachines/jdk1.8.0_60.jdk/Contents/Home/jre/lib/libzip.dylib
0x0000000120d2a000 	/System/Library/Frameworks/JavaVM.framework/Frameworks/JavaRuntimeSupport.framework/JavaRuntimeSupport
0x0000000120d42000 	/System/Library/Frameworks/JavaVM.framework/Versions/A/Frameworks/JavaNativeFoundation.framework/Versions/A/JavaNativeFoundation
0x0000000120d57000 	/System/Library/Frameworks/JavaVM.framework/Versions/A/JavaVM
0x00000000018d1000 	/System/Library/Frameworks/Carbon.framework/Versions/A/Carbon
0x0000000120d64000 	/System/Library/PrivateFrameworks/JavaLaunching.framework/Versions/A/JavaLaunching
0x00000000018d1000 	/System/Library/Frameworks/Carbon.framework/Versions/A/Frameworks/CommonPanels.framework/Versions/A/CommonPanels
0x00000000018d1000 	/System/Library/Frameworks/Carbon.framework/Versions/A/Frameworks/Help.framework/Versions/A/Help
0x00000000018d1000 	/System/Library/Frameworks/Carbon.framework/Versions/A/Frameworks/ImageCapture.framework/Versions/A/ImageCapture
0x00000000018d1000 	/System/Library/Frameworks/Carbon.framework/Versions/A/Frameworks/OpenScripting.framework/Versions/A/OpenScripting
0x00000000018d1000 	/System/Library/Frameworks/Carbon.framework/Versions/A/Frameworks/Print.framework/Versions/A/Print
0x00000000018d1000 	/System/Library/Frameworks/Carbon.framework/Versions/A/Frameworks/SecurityHI.framework/Versions/A/SecurityHI
0x0000000122daf000 	/Library/Java/JavaVirtualMachines/jdk1.8.0_60.jdk/Contents/Home/jre/lib/libprism_es2.dylib
0x00000000018d1000 	/System/Library/Frameworks/OpenGL.framework/Versions/A/Resources/GLEngine.bundle/GLEngine
0x00000000018d1000 	/System/Library/Frameworks/OpenGL.framework/Versions/A/Libraries/libGLProgrammability.dylib
0x0000000122e31000 	/System/Library/Extensions/AppleIntelBDWGraphicsGLDriver.bundle/Contents/MacOS/AppleIntelBDWGraphicsGLDriver
0x00000000018d1000 	/System/Library/PrivateFrameworks/IOAccelerator.framework/Versions/A/IOAccelerator
0x00000000018d1000 	/System/Library/PrivateFrameworks/GPUSupport.framework/Versions/A/Libraries/libGPUSupportMercury.dylib
0x00000000018d1000 	/System/Library/Frameworks/OpenGL.framework/Versions/A/Resources/GLRendererFloat.bundle/GLRendererFloat
0x00000000018d1000 	/System/Library/Frameworks/OpenCL.framework/Versions/A/Libraries/libcldcpuengine.dylib
0x00000000018d1000 	/System/Library/PrivateFrameworks/DiskImages.framework/Versions/A/DiskImages
0x00000000018d1000 	/System/Library/Frameworks/DiscRecording.framework/Versions/A/DiscRecording
0x00000000018d1000 	/usr/lib/libcsfde.dylib
0x00000000018d1000 	/usr/lib/libcurl.4.dylib
0x00000000018d1000 	/System/Library/PrivateFrameworks/MediaKit.framework/Versions/A/MediaKit
0x00000000018d1000 	/System/Library/PrivateFrameworks/ProtectedCloudStorage.framework/Versions/A/ProtectedCloudStorage
0x00000000018d1000 	/usr/lib/libCoreStorage.dylib
0x00000000018d1000 	/System/Library/PrivateFrameworks/EFILogin.framework/Versions/A/EFILogin
0x00000000018d1000 	/usr/lib/libutil.dylib
0x00000000018d1000 	/System/Library/PrivateFrameworks/FindMyDevice.framework/Versions/A/FindMyDevice
0x00000000018d1000 	/System/Library/Frameworks/LDAP.framework/Versions/A/LDAP
0x00000000018d1000 	/usr/lib/libsasl2.2.dylib
0x00000000018d1000 	/System/Library/PrivateFrameworks/CoreDaemon.framework/Versions/B/CoreDaemon
0x00000000018d1000 	/usr/lib/libcrypto.0.9.8.dylib
0x00000000018d1000 	/System/Library/PrivateFrameworks/AppleSRP.framework/Versions/A/AppleSRP
0x00000000018d1000 	/System/Library/PrivateFrameworks/TrustEvaluationAgent.framework/Versions/A/TrustEvaluationAgent
0x0000000123997000 	/Library/Java/JavaVirtualMachines/jdk1.8.0_60.jdk/Contents/Home/jre/lib/libglass.dylib
0x00000000018d1000 	/System/Library/PrivateFrameworks/CoreServicesInternal.framework/Versions/A/CoreServicesInternal
0x00000000018d1000 	/System/Library/PrivateFrameworks/CloudDocs.framework/Versions/A/CloudDocs
0x00000000018d1000 	/System/Library/PrivateFrameworks/CoreDuet.framework/Versions/A/CoreDuet
0x00000000018d1000 	/System/Library/Frameworks/CloudKit.framework/Versions/A/CloudKit
0x00000000018d1000 	/System/Library/PrivateFrameworks/ProtocolBuffer.framework/Versions/A/ProtocolBuffer
0x00000000018d1000 	/System/Library/PrivateFrameworks/CoreDuetDaemonProtocol.framework/Versions/A/CoreDuetDaemonProtocol
0x00000000018d1000 	/System/Library/PrivateFrameworks/CoreDuetDebugLogging.framework/Versions/A/CoreDuetDebugLogging
0x00000000018d1000 	/System/Library/PrivateFrameworks/MMCS.framework/Versions/A/MMCS
0x00000000018d1000 	/System/Library/Frameworks/CoreLocation.framework/Versions/A/CoreLocation
0x00000000018d1000 	/System/Library/PrivateFrameworks/GeoServices.framework/Versions/A/GeoServices
0x00000000018d1000 	/System/Library/Frameworks/CoreGraphics.framework/Versions/A/Resources/libCGCMS.A.dylib
0x00000000018d1000 	/System/Library/CoreServices/RawCamera.bundle/Contents/MacOS/RawCamera
0x00000000018d1000 	/System/Library/Frameworks/CoreGraphics.framework/Versions/A/Resources/libRIP.A.dylib
0x00000000018d1000 	/System/Library/PrivateFrameworks/FamilyControls.framework/Versions/A/FamilyControls
0x00000000018d1000 	/System/Library/PrivateFrameworks/CommerceKit.framework/Versions/A/Frameworks/CommerceCore.framework/Versions/A/CommerceCore
0x00000000018d1000 	/System/Library/PrivateFrameworks/SystemAdministration.framework/Versions/A/SystemAdministration
0x00000000018d1000 	/System/Library/PrivateFrameworks/AppContainer.framework/Versions/A/AppContainer
0x00000000018d1000 	/System/Library/PrivateFrameworks/SecCodeWrapper.framework/Versions/A/SecCodeWrapper
0x00000000018d1000 	/System/Library/Frameworks/DirectoryService.framework/Versions/A/DirectoryService
0x00000000018d1000 	/System/Library/PrivateFrameworks/LoginUIKit.framework/Versions/A/Frameworks/LoginUICore.framework/Versions/A/LoginUICore
0x00000000018d1000 	/usr/lib/libodfde.dylib
0x000000012781d000 	/Users/foyvandolsen/vision/opencv/build/lib/libopencv_java300.dylib
0x00000000018d1000 	/System/Library/Frameworks/QTKit.framework/Versions/A/QTKit
0x00000000018d1000 	/System/Library/Frameworks/AVFoundation.framework/Versions/A/AVFoundation
0x00000000018d1000 	/System/Library/Frameworks/CoreMedia.framework/Versions/A/CoreMedia
0x00000000018d1000 	/System/Library/Frameworks/MediaToolbox.framework/Versions/A/MediaToolbox
0x00000000018d1000 	/System/Library/Frameworks/VideoToolbox.framework/Versions/A/VideoToolbox
0x00000000018d1000 	/System/Library/PrivateFrameworks/CoreMediaAuthoring.framework/Versions/A/CoreMediaAuthoring
0x00000000018d1000 	/System/Library/Frameworks/CoreMediaIO.framework/Versions/A/CoreMediaIO
0x00000000018d1000 	/System/Library/Frameworks/AVFoundation.framework/Versions/A/Resources/libAVFAudio.dylib
0x00000000018d1000 	/System/Library/PrivateFrameworks/MediaControlSender.framework/Versions/A/MediaControlSender
0x00000000018d1000 	/System/Library/PrivateFrameworks/CoreAVCHD.framework/Versions/A/CoreAVCHD
0x00000000018d1000 	/System/Library/Frameworks/MediaAccessibility.framework/Versions/A/MediaAccessibility
0x00000000018d1000 	/System/Library/PrivateFrameworks/Mangrove.framework/Versions/A/Mangrove
0x00000000018d1000 	/System/Library/PrivateFrameworks/CoreAUC.framework/Versions/A/CoreAUC
0x00000000018d1000 	/System/Library/PrivateFrameworks/NetworkStatistics.framework/Versions/A/NetworkStatistics
0x00000000018d1000 	/System/Library/PrivateFrameworks/AirPlaySupport.framework/Versions/A/AirPlaySupport
0x00000000018d1000 	/System/Library/PrivateFrameworks/CoreUtils.framework/Versions/A/CoreUtils
0x00000000018d1000 	/System/Library/PrivateFrameworks/AppleVA.framework/Versions/A/AppleVA
0x00000000018d1000 	/System/Library/PrivateFrameworks/XPCService.framework/Versions/A/XPCService
0x00000000018d1000 	/System/Library/PrivateFrameworks/AppSandbox.framework/Versions/A/AppSandbox
0x00000000018d1000 	/usr/lib/libsandbox.1.dylib
0x00000000018d1000 	/usr/lib/libMatch.1.dylib
0x00000001296b7000 	/Library/Java/JavaVirtualMachines/jdk1.8.0_60.jdk/Contents/Home/jre/lib/libjavafx_font.dylib
0x00000000018d1000 	/System/Library/Frameworks/CoreGraphics.framework/Versions/A/Resources/libCGXType.A.dylib
0x000000012bd75000 	cl_kernels
0x000000012c57b000 	/System/Library/Frameworks/OpenCL.framework/Versions/A/Libraries/ImageFormats/unorm8_bgra.dylib
0x000000012bd67000 	cl_kernels
0x000000012cf00000 	/Library/Java/JavaVirtualMachines/jdk1.8.0_60.jdk/Contents/Home/jre/lib/libprism_common.dylib
0x000000012fb1f000 	/System/Library/Extensions/AppleHDA.kext/Contents/PlugIns/AppleHDAHALPlugIn.bundle/Contents/MacOS/AppleHDAHALPlugIn
0x000000012fb28000 	/Library/CoreMediaIO/Plug-Ins/DAL/AppleCamera.plugin/Contents/MacOS/AppleCamera
0x000000012fb52000 	/System/Library/Frameworks/CoreMediaIO.framework/Resources/VDC.plugin/Contents/MacOS/VDC
0x000000012fb82000 	/System/Library/Frameworks/CoreMediaIO.framework/Resources/CMIOUnits.bundle/Contents/MacOS/CMIOUnits
0x000000012fd0e000 	/System/Library/PrivateFrameworks/FWAVC.framework/Versions/A/FWAVC
0x000000013039e000 	/System/Library/PrivateFrameworks/AppleGVA.framework/AppleGVA

VM Arguments:
jvm_args: -Djava.library.path=/Users/foyvandolsen/vision/opencv/build/lib:/Users/foyvandolsen/vision/opencv/build/src -Dfile.encoding=UTF-8 
java_command: application.Main
java_class_path (initial): /Users/foyvandolsen/Documents/workspace/JavaFxTut/bin:/Applications/Eclipse.app/Contents/Eclipse/plugins/org.eclipse.fx.ide.css.jfx8_2.1.0.201508240705.jar:/Users/foyvandolsen/vision/opencv/build/bin/opencv-300.jar
Launcher Type: SUN_STANDARD

Environment Variables:
PATH=/usr/bin:/bin:/usr/sbin:/sbin
SHELL=/bin/bash

Signal Handlers:
SIGSEGV: [libjvm.dylib+0x5a6d31], sa_mask[0]=11111111011111110111111111111111, sa_flags=SA_ONSTACK|SA_RESTART|SA_SIGINFO
SIGBUS: [libjvm.dylib+0x5a6d31], sa_mask[0]=11111111011111110111111111111111, sa_flags=SA_RESTART|SA_SIGINFO
SIGFPE: [libjvm.dylib+0x480a4c], sa_mask[0]=11111111011111110111111111111111, sa_flags=SA_RESTART|SA_SIGINFO
SIGPIPE: [libjvm.dylib+0x480a4c], sa_mask[0]=11111111011111110111111111111111, sa_flags=SA_RESTART|SA_SIGINFO
SIGXFSZ: [libjvm.dylib+0x480a4c], sa_mask[0]=11111111011111110111111111111111, sa_flags=SA_RESTART|SA_SIGINFO
SIGILL: [libjvm.dylib+0x480a4c], sa_mask[0]=11111111011111110111111111111111, sa_flags=SA_RESTART|SA_SIGINFO
SIGUSR1: SIG_DFL, sa_mask[0]=00000000000000000000000000000000, sa_flags=none
SIGUSR2: [libjvm.dylib+0x48056a], sa_mask[0]=00100000000000000000000000000000, sa_flags=SA_RESTART|SA_SIGINFO
SIGHUP: [libjvm.dylib+0x47eb41], sa_mask[0]=11111111011111110111111111111111, sa_flags=SA_RESTART|SA_SIGINFO
SIGINT: [libjvm.dylib+0x47eb41], sa_mask[0]=11111111011111110111111111111111, sa_flags=SA_RESTART|SA_SIGINFO
SIGTERM: [libjvm.dylib+0x47eb41], sa_mask[0]=11111111011111110111111111111111, sa_flags=SA_RESTART|SA_SIGINFO
SIGQUIT: [libjvm.dylib+0x47eb41], sa_mask[0]=11111111011111110111111111111111, sa_flags=SA_RESTART|SA_SIGINFO


---------------  S Y S T E M  ---------------

OS:Bsduname:Darwin 14.5.0 Darwin Kernel Version 14.5.0: Tue Sep  1 21:23:09 PDT 2015; root:xnu-2782.50.1~1/RELEASE_X86_64 x86_64
rlimit: STACK 8192k, CORE 0k, NPROC 709, NOFILE 10240, AS infinity
load average:1.75 1.78 1.81

CPU:total 4 (2 cores per cpu, 2 threads per core) family 6 model 61 stepping 4, cmov, cx8, fxsr, mmx, sse, sse2, sse3, ssse3, sse4.1, sse4.2, popcnt, avx, avx2, aes, clmul, erms, 3dnowpref, lzcnt, ht, tsc, tscinvbit, bmi1, bmi2, adx

Memory: 4k page, physical 16777216k(119276k free)

/proc/meminfo:


vm_info: Java HotSpot(TM) 64-Bit Server VM (25.60-b23) for bsd-amd64 JRE (1.8.0_60-b27), built on Aug  4 2015 10:47:24 by "java_re" with gcc 4.2.1 (Based on Apple Inc. build 5658) (LLVM build 2336.11.00)

time: Sun Nov 29 21:33:06 2015
elapsed time: 7 seconds (0d 0h 0m 7s)

